C251 COMPILER V5.60.0,  filtering                                                          14/06/24  16:35:50  PAGE 1   


C251 COMPILER V5.60.0, COMPILATION OF MODULE filtering
OBJECT MODULE PLACED IN .\Out_File\filtering.obj
COMPILER INVOKED BY: D:\Keil_v5\C251\BIN\C251.EXE ..\CODE\filtering.c XSMALL INTR2 WARNINGLEVEL(0) BROWSE INCDIR(..\..\L
                    -ibraries\libraries;..\..\Libraries\seekfree_libraries;..\..\Libraries\seekfree_peripheral;..\CODE;..\USER\inc;..\USER\sr
                    -c) DEBUG PRINT(.\Out_File\filtering.lst) TABS(2) OBJECT(.\Out_File\filtering.obj) 

stmt  level    source

    1          /*------------------------------
    2          * @file filtering.c  滤波算法：1.加权递推平均滤波 2.算术平均滤波法
    3          * @author Against_War
    4          * @version 1.0.0
    5          * @note  参考程序：https://github.com/leon0516/lv_bo_suan_fa.git
    6          * @date 2020-2-24
    7          -------------------------------*/
    8          #include "filtering.h"
    9          uint8 filter_value; //最终传输的值
   10          float angle; //
   11          /*卡尔曼滤波*/
   12          int16 Kalman_left(int16 data_l)
   13          {
   14   1        float kg,c2,p2;
   15   1        static int16 p1=6;
   16   1        static int16 c1=5;
   17   1        int16 q=5;
   18   1        int16 r=10;
   19   1        p2=p1+q;
   20   1        kg=p2*p2/(p2*p2+r*r);
   21   1        c2=c1+kg*(data_l-c1);
   22   1        p1=(1-kg)/p2;
   23   1        c1=c2;
   24   1      
   25   1        return c1; 
   26   1      }
   27          int16 Kalman_right(int16 data_r)
   28          {
   29   1          float kg,c2,p2;
   30   1        static int16 p1=6;
   31   1        static int16 c1=5;
   32   1        int16 q=5;
   33   1        int16 r=10;
   34   1        p2=p1+q;
   35   1        kg=p2*p2/(p2*p2+r*r);
   36   1        c2=c1+kg*(data_r-c1);
   37   1        p1=(1-kg)/p2;
   38   1        c1=c2;
   39   1      
   40   1        return c1; 
   41   1      }


Module Information          Static   Overlayable
------------------------------------------------
  code size            =       214     ------
  ecode size           =    ------     ------
  data size            =    ------     ------
  idata size           =    ------     ------
  pdata size           =    ------     ------
  xdata size           =    ------     ------
  xdata-const size     =    ------     ------
  edata size           =        13     ------
  bit size             =    ------     ------
  ebit size            =    ------     ------
  bitaddressable size  =    ------     ------
  ebitaddressable size =    ------     ------
  far data size        =    ------     ------
C251 COMPILER V5.60.0,  filtering                                                          14/06/24  16:35:50  PAGE 2   

  huge data size       =    ------     ------
  const size           =    ------     ------
  hconst size          =        24     ------
End of Module Information.


C251 COMPILATION COMPLETE.  0 WARNING(S),  0 ERROR(S)
