C251 COMPILER V5.60.0,  isr                                                                14/06/24  16:35:50  PAGE 1   


C251 COMPILER V5.60.0, COMPILATION OF MODULE isr
OBJECT MODULE PLACED IN .\Out_File\isr.obj
COMPILER INVOKED BY: D:\Keil_v5\C251\BIN\C251.EXE ..\USER\src\isr.c XSMALL INTR2 WARNINGLEVEL(0) BROWSE INCDIR(..\..\Lib
                    -raries\libraries;..\..\Libraries\seekfree_libraries;..\..\Libraries\seekfree_peripheral;..\CODE;..\USER\inc;..\USER\src)
                    - DEBUG PRINT(.\Out_File\isr.lst) TABS(2) OBJECT(.\Out_File\isr.obj) 

stmt  level    source

    1          ///******************************************************************************************************
             -***************
    2          // * COPYRIGHT NOTICE
    3          // * Copyright (c) 2020,逐飞科技
    4          // * All rights reserved.
    5          // * 技术讨论QQ群：一群：179029047(已满)  二群：244861897(已满)  三群：824575535
    6          // *
    7          // * 以下所有内容版权均属逐飞科技所有，未经允许不得用于商业用途，
    8          // * 欢迎各位使用并传播本程序，修改内容时必须保留逐飞科技的版权声明。
    9          // *
   10          // * @file          isr
   11          // * @company       成都逐飞科技有限公司
   12          // * @author        逐飞科技(QQ790875685)
   13          // * @version       查看doc内version文件 版本说明
   14          // * @Software      MDK FOR C251 V5.60
   15          // * @Target core   STC16F40K128
   16          // * @Taobao        https://seekfree.taobao.com/
   17          // * @date          2020-4-14
   18          // ******************************************************************************************************
             -**************/
   19          #include "headfile.h"
   20          
   21          // UART1中断
   22          void UART1_Isr() interrupt 4
   23          {
   24   1          uint8 res;
   25   1          static uint8 dwon_count;
   26   1          if (UART1_GET_TX_FLAG)
   27   1          {
   28   2              UART1_CLEAR_TX_FLAG;
   29   2              busy[1] = 0;
   30   2          }
   31   1          if (UART1_GET_RX_FLAG)
   32   1          {
   33   2              UART1_CLEAR_RX_FLAG;
   34   2              res = SBUF;
   35   2              //程序自动下载
   36   2              if (res == 0x7F)
   37   2              {
   38   3                  if (dwon_count++ > 20)
   39   3                      IAP_CONTR = 0x60;
   40   3              }
   41   2              else
   42   2              {
   43   3                  dwon_count = 0;
   44   3              }
   45   2          }
   46   1      }
   47          
   48          // UART2中断
   49          void UART2_Isr() interrupt 8
   50          {
   51   1          if (UART2_GET_TX_FLAG)
   52   1          {
   53   2              UART2_CLEAR_TX_FLAG;
   54   2              busy[2] = 0;
   55   2          }
C251 COMPILER V5.60.0,  isr                                                                14/06/24  16:35:50  PAGE 2   

   56   1          if (UART2_GET_RX_FLAG)
   57   1          {
   58   2              UART2_CLEAR_RX_FLAG;
   59   2              //接收数据寄存器为：S2BUF
   60   2          }
   61   1      }
   62          
   63          // UART3中断
   64          void UART3_Isr() interrupt 17
   65          {
   66   1          if (UART3_GET_TX_FLAG)
   67   1          {
   68   2              UART3_CLEAR_TX_FLAG;
   69   2              busy[3] = 0;
   70   2          }
   71   1          if (UART3_GET_RX_FLAG)
   72   1          {
   73   2              UART3_CLEAR_RX_FLAG;
   74   2              //接收数据寄存器为：S3BUF
   75   2          }
   76   1      }
   77          
   78          // UART4中断
   79          void UART4_Isr() interrupt 18
   80          {
   81   1          if (UART4_GET_TX_FLAG)
   82   1          {
   83   2              UART4_CLEAR_TX_FLAG;
   84   2              busy[4] = 0;
   85   2          }
   86   1          if (UART4_GET_RX_FLAG)
   87   1          {
   88   2              UART4_CLEAR_RX_FLAG;
   89   2      
   90   2              //接收数据寄存器为：S4BUF;
   91   2              if (wireless_type == WIRELESS_SI24R1)
   92   2              {
   93   3                  wireless_uart_callback(); //无线转串口回调函数
   94   3              }
   95   2              else if (wireless_type == WIRELESS_CH9141)
   96   2              {
   97   3                  bluetooth_ch9141_uart_callback(); //蓝牙转串口回调函数
   98   3              }
   99   2          }
  100   1      }
  101          
  102          #define LED P52
  103          void INT0_Isr() interrupt 0
  104          {
  105   1         /* if (P32)
  106   1          {
  107   1              LED = 0; //点亮LED
  108   1              P77 = 1;
  109   1              P32_Status = 1;
  110   1          }
  111   1          else
  112   1          {
  113   1              LED = 1; //熄灭LED
  114   1              P77 = 0;
  115   1              P32_Status = 0;
  116   1          }*/
  117   1      }
  118          
  119          void INT1_Isr() interrupt 2
  120          {
  121   1      }
C251 COMPILER V5.60.0,  isr                                                                14/06/24  16:35:50  PAGE 3   

  122          void INT2_Isr() interrupt 10
  123          {
  124   1          INT2_CLEAR_FLAG; //清除中断标志
  125   1      }
  126          void INT3_Isr() interrupt 11
  127          {
  128   1          INT3_CLEAR_FLAG; //清除中断标志
  129   1      }
  130          
  131          void INT4_Isr() interrupt 16
  132          {
  133   1          INT4_CLEAR_FLAG; //清除中断标志
  134   1      }
  135          
  136          void TM0_Isr() interrupt 1
  137          {
  138   1      }
  139          void TM1_Isr() interrupt 3
  140          {
  141   1      }
  142          /**串口中断**/
  143          void TM2_Isr() interrupt 12
  144          {
  145   1          TIM2_CLEAR_FLAG; //清除中断标志
  146   1      }
  147          
  148          void TM3_Isr() interrupt 19
  149          {
  150   1          TIM3_CLEAR_FLAG; //清除中断标志
  151   1      }
  152          uint32 count = 0;
  153          void TM4_Isr() interrupt 20
  154          {
  155   1          TIM4_CLEAR_FLAG; //清除中断标志
  156   1          count++;         //计数
  157   1          ADC_Get_deal();  // ADC采集
  158   1          Parking_Fuction();
  159   1          if (count % 2 == 0)
  160   1          {
  161   2              control_test();
  162   2          }
  163   1          if (count % 3 == 0)
  164   1          {
  165   2      
  166   2              L_value = Kalman_left(DATE_L_get()); //编码器采集并滤波
  167   2              R_value = Kalman_right(DATE_R_get());
  168   2              gyro_data_get(); //陀螺仪
  169   2          }
  170   1          if (count % 4 == 0)
  171   1          {
  172   2              motor_test();
  173   2              count_motor = 1;
  174   2          }
  175   1          if (count >= 5000)
  176   1          {
  177   2              count = 0;
  178   2          }
  179   1      }
  180          
  181          // void  INT0_Isr()  interrupt 0;
  182          // void  TM0_Isr()   interrupt 1;
  183          // void  INT1_Isr()  interrupt 2;
  184          // void  TM1_Isr()   interrupt 3;
  185          // void  UART1_Isr() interrupt 4;
  186          // void  ADC_Isr()   interrupt 5;
  187          // void  LVD_Isr()   interrupt 6;
C251 COMPILER V5.60.0,  isr                                                                14/06/24  16:35:50  PAGE 4   

  188          // void  PCA_Isr()   interrupt 7;
  189          // void  UART2_Isr() interrupt 8;
  190          // void  SPI_Isr()   interrupt 9;
  191          // void  INT2_Isr()  interrupt 10;
  192          // void  INT3_Isr()  interrupt 11;
  193          // void  TM2_Isr()   interrupt 12;
  194          // void  INT4_Isr()  interrupt 16;
  195          // void  UART3_Isr() interrupt 17;
  196          // void  UART4_Isr() interrupt 18;
  197          // void  TM3_Isr()   interrupt 19;
  198          // void  TM4_Isr()   interrupt 20;
  199          // void  CMP_Isr()   interrupt 21;
  200          // void  I2C_Isr()   interrupt 24;
  201          // void  USB_Isr()   interrupt 25;
  202          // void  PWM1_Isr()  interrupt 26;
  203          // void  PWM2_Isr()  interrupt 27;


Module Information          Static   Overlayable
------------------------------------------------
  code size            =       453     ------
  ecode size           =    ------     ------
  data size            =    ------     ------
  idata size           =    ------     ------
  pdata size           =    ------     ------
  xdata size           =    ------     ------
  xdata-const size     =    ------     ------
  edata size           =         5     ------
  bit size             =    ------     ------
  ebit size            =    ------     ------
  bitaddressable size  =    ------     ------
  ebitaddressable size =    ------     ------
  far data size        =    ------     ------
  huge data size       =    ------     ------
  const size           =    ------     ------
  hconst size          =         8     ------
End of Module Information.


C251 COMPILATION COMPLETE.  0 WARNING(S),  0 ERROR(S)
