C251 COMPILER V5.60.0,  main                                                               14/06/24  16:37:48  PAGE 1   


C251 COMPILER V5.60.0, COMPILATION OF MODULE main
OBJECT MODULE PLACED IN .\Out_File\main.obj
COMPILER INVOKED BY: D:\Keil_v5\C251\BIN\C251.EXE ..\USER\src\main.c XSMALL INTR2 WARNINGLEVEL(0) BROWSE INCDIR(..\..\Li
                    -braries\libraries;..\..\Libraries\seekfree_libraries;..\..\Libraries\seekfree_peripheral;..\CODE;..\USER\inc;..\USER\src
                    -) DEBUG PRINT(.\Out_File\main.lst) TABS(2) OBJECT(.\Out_File\main.obj) 

stmt  level    source

    1          /********************************************************************************************************
             -*************
    2           * COPYRIGHT NOTICE
    3           * Copyright (c) 2020,é€é£ç§‘æŠ€
    4           * All rights reserved.
    5           * æŠ€æœ¯è®¨è®ºQQç¾¤ï¼šä¸€ç¾¤ï¼š179029047(å·²æ»¡)  äºŒç¾¤ï¼š244861897(å·²æ»¡)  ä¸‰ç¾¤ï¼š824575535
    6           *
    7           * ä»¥ä¸‹æ‰€æœ‰å†…å®¹ç‰ˆæƒå‡å±é€é£ç§‘æŠ€æ‰€æœ‰ï¼Œæœªç»å…è®¸ä¸å¾—ç”¨äºå•†ä¸šç”¨é€”ï¼Œ
    8           * æ¬¢è¿å„ä½ä½¿ç”¨å¹¶ä¼ æ’­æœ¬ç¨‹åºï¼Œä¿®æ”¹å†…å®¹æ—¶å¿…é¡»ä¿ç•™é€é£ç§‘æŠ€çš„ç‰ˆæƒå£°æ˜ã€‚
    9           *
   10           * @file          main
   11           * @company       æˆéƒ½é€é£ç§‘æŠ€æœ‰é™å…¬å¸
   12           * @author        é€é£ç§‘æŠ€(QQ790875685)
   13           * @version       æŸ¥çœ‹docå†…versionæ–‡ä»¶ ç‰ˆæœ¬è¯´æ˜
   14           * @Software    MDK FOR C251 V5.60
   15           * @Target core   STC16F40K128
   16           * @Taobao      https://seekfree.taobao.com/
   17           * @date          2020-12-18
   18           ********************************************************************************************************
             -************/
   19          #include "headfile.h"
   20          /*
   21           *å…³äºå†…æ ¸é¢‘ç‡çš„è®¾å®šï¼Œå¯ä»¥æŸ¥çœ‹board.hæ–‡ä»¶
   22           *åœ¨board_initä¸­,å·²ç»å°†P54å¼•è„šè®¾ç½®ä¸ºå¤ä½
   23           *å¦‚æœéœ€è¦ä½¿ç”¨P54å¼•è„š,å¯ä»¥åœ¨board.cæ–‡ä»¶ä¸­çš„board_init()å‡½æ•°ä¸­åˆ é™¤SET_P54_RESRTå³å¯
   24           */
   25          int16 ad_data;
   26          void main()
   27          {
   28   1        DisableGlobalIRQ(); //å…³é—­æ€»ä¸­æ–­
   29   1        // sys_clkå¯é€‰å€¼:30000000, 27000000. 24000000, 22118400, 20000000, 18432000, 12000000, 11059200, 600
             -0000, 5529600ã€‚
   30   1        //è®¾ç½®ç³»ç»Ÿé¢‘ç‡ï¼Œæ­¤é¢‘ç‡éœ€è¦è·ŸSTC-ISPè½¯ä»¶ä¸­çš„ <è¾“å…¥ç”¨æˆ·ç¨‹åºè¿è¡Œçš„IRCé¢‘ç‡>é€‰é
             -¡¹çš„é¢‘ç‡ä¸€è‡´ã€‚
   31   1        //å¦‚æœé¢‘ç‡è®¾ç½®ä¸å¯¹ï¼Œå°†ä¼šå¯¼è‡´ä¸²å£çš„æ•°æ®ä¸æ­£å¸¸,PWMçš„å·¥ä½œä¸æ­£å¸¸ç­‰ç­‰ã€‚
   32   1        sys_clk = 30000000; //è®¾ç½®ç³»ç»Ÿé¢‘ç‡ä¸º30MHz
   33   1        board_init();       //åˆå§‹åŒ–å¯„å­˜å™¨
   34   1        //æ­¤å¤„ç¼–å†™ç”¨æˆ·ä»£ç (ä¾‹å¦‚ï¼šå¤–è®¾åˆå§‹åŒ–ä»£ç ç­‰)
   35   1        system_init(); //åˆå§‹åŒ–ç³»ç»Ÿ
   36   1       
   37   1        //æ€»ä¸­æ–­æœ€åå¼€å¯
   38   1        EnableGlobalIRQ(); //å¼€å¯æ€»ä¸­æ–­
   39   1        WDT_CONTR = 0x20;
   40   1        while (1)
   41   1        {
   42   2          WDT_CONTR = 0x30;
   43   2          //æ­¤å¤„ç¼–å†™éœ€è¦å¾ªç¯æ‰§è¡Œçš„ä»£ç 
   44   2          // data_conversion((int16)ad_anwer[0], (int16)ad_anwer[2], (int16)ad_anwer[4], 0, dat);
   45   2           //data_conversion((int16)count_encode_R,(int16)count_encode_L, 0,0, dat);
   46   2          //display_data();
   47   2          // P77 = 1;
   48   2          // menu();
   49   2          ADC_Get_deal();
   50   2          motor_test();
   51   2        }
   52   1      }

C251 COMPILER V5.60.0,  main                                                               14/06/24  16:37:48  PAGE 2   


Module Information          Static   Overlayable
------------------------------------------------
  code size            =        38     ------
  ecode size           =    ------     ------
  data size            =    ------     ------
  idata size           =    ------     ------
  pdata size           =    ------     ------
  xdata size           =    ------     ------
  xdata-const size     =    ------     ------
  edata size           =         2     ------
  bit size             =    ------     ------
  ebit size            =    ------     ------
  bitaddressable size  =    ------     ------
  ebitaddressable size =    ------     ------
  far data size        =    ------     ------
  huge data size       =    ------     ------
  const size           =    ------     ------
  hconst size          =    ------     ------
End of Module Information.


C251 COMPILATION COMPLETE.  0 WARNING(S),  0 ERROR(S)
