C251 COMPILER V5.60.0,  SCREEN                                                             14/06/24  16:35:52  PAGE 1   


C251 COMPILER V5.60.0, COMPILATION OF MODULE SCREEN
OBJECT MODULE PLACED IN .\Out_File\SCREEN.obj
COMPILER INVOKED BY: D:\Keil_v5\C251\BIN\C251.EXE ..\CODE\SCREEN.c XSMALL INTR2 WARNINGLEVEL(0) BROWSE INCDIR(..\..\Libr
                    -aries\libraries;..\..\Libraries\seekfree_libraries;..\..\Libraries\seekfree_peripheral;..\CODE;..\USER\inc;..\USER\src) 
                    -DEBUG PRINT(.\Out_File\SCREEN.lst) TABS(2) OBJECT(.\Out_File\SCREEN.obj) 

stmt  level    source

    1          #include "SCREEN.h"
    2          /*------------------------------
    3          * @brief  display_data() 屏幕显示函数
    4          * @param  void
    5          * @return void
    6          * @author Against_War
    7          * @date 2020/03/08
    8          * @note 数据显示示例（排布数据时请参考以下坐标轴）
    9          -------------------------------*/
   10          // float angle = 0;
   11          void display_data()
   12          {
   13   1      
   14   1          // get_icm20602_gyro_simiic();
   15   1          oled_fill(0);
   16   1           /*oled_printf_float(0, 5, num_kp,3,2);
   17   1           oled_printf_float(0, 1, coefficient,3,3);
   18   1          oled_printf_float(0, 2, num_kd,3,2);*/
   19   1          
   20   1         /*oled_int16(0, 0, R_value);
   21   1          oled_int16(0, 1, L_value);*/
   22   1          oled_int16(0, 2, expited_L_R); 
   23   1          //oled_int16(0, 3, ganhuangguan);
   24   1      
   25   1          //angle += gyro_z * 0.00225f;
   26   1          //oled_printf_float(0, 1, gyro_x, 3, 2);
   27   1          //oled_printf_float(0, 2, gyro_z_num, 3, 2);
   28   1          /*oled_printf_float(0, 0, gyro_x, 3, 2);
   29   1          oled_printf_float(0, 2, gyro_y, 3, 2);
   30   1          oled_printf_float(0, 3, gyro_z, 3, 2);*/
   31   1          /*oled_printf_float(0, 4, acc_x, 3, 2);
   32   1          oled_printf_float(0, 5, acc_y, 3, 2);
   33   1          oled_printf_float(0, 6, acc_z, 3, 2);*/
   34   1          // oled_printf_float(0, 6, angle, 3, 2);
   35   1      
   36   1          //oled_printf_float(2, 4, angle, 3, 2);
   37   1         /*oled_printf_float(64 ,0, ad_answer[0], 3, 2);   
   38   1           oled_printf_float(64, 1, ad_answer[1], 3, 2);
   39   1           oled_printf_float(64, 2, ad_answer[2], 3, 2);
   40   1           oled_printf_float(64, 3, ad_answer[3], 3, 2);
   41   1           oled_printf_float(64, 4, ad_answer[4], 3, 2);
   42   1           //oled_printf_float(64, 5, ad_anwer[5], 3, 2);
   43   1           oled_printf_float(64, 5,  AD_out, 3, 2);*/
   44   1          /* oled_printf_float(64, 5,  AD_level, 3, 2);
   45   1           oled_printf_float(64, 6,  AD_vertical, 3, 2);*/
   46   1          oled_printf_int32(64, 1, count_encode_R,10);
   47   1           oled_printf_int32(64, 2, count_encode_L,10);
   48   1          //  oled_printf_float(0, 1,  AD_out, 3, 2);
   49   1      
   50   1          //  oled_printf_float(64, 2, num_kp, 2, 2);
   51   1          /* oled_printf_float(64, 4, R_Kp, 2, 3);
   52   1           oled_printf_float(64, 5, R_Ki, 2, 3);*/
   53   1          /*oled_int16(4, 0, gyro_x); //陀螺仪角度显示
   54   1          oled_int16(4, 4, gyro_y);
   55   1          oled_int16(4, 6, gyro_z);
   56   1          oled_int16(64, 0, acc_x); //陀螺仪加速度显示
   57   1          oled_int16(64, 4, acc_y);
C251 COMPILER V5.60.0,  SCREEN                                                             14/06/24  16:35:52  PAGE 2   

   58   1          oled_int16(64, 6, acc_z);*/
   59   1      }


Module Information          Static   Overlayable
------------------------------------------------
  code size            =        49     ------
  ecode size           =    ------     ------
  data size            =    ------     ------
  idata size           =    ------     ------
  pdata size           =    ------     ------
  xdata size           =    ------     ------
  xdata-const size     =    ------     ------
  edata size           =    ------     ------
  bit size             =    ------     ------
  ebit size            =    ------     ------
  bitaddressable size  =    ------     ------
  ebitaddressable size =    ------     ------
  far data size        =    ------     ------
  huge data size       =    ------     ------
  const size           =    ------     ------
  hconst size          =    ------     ------
End of Module Information.


C251 COMPILATION COMPLETE.  0 WARNING(S),  0 ERROR(S)
