C251 COMPILER V5.60.0,  SEEKFREE_FONT                                                      14/06/24  16:35:48  PAGE 1   


C251 COMPILER V5.60.0, COMPILATION OF MODULE SEEKFREE_FONT
OBJECT MODULE PLACED IN .\Out_File\SEEKFREE_FONT.obj
COMPILER INVOKED BY: D:\Keil_v5\C251\BIN\C251.EXE ..\..\Libraries\seekfree_peripheral\SEEKFREE_FONT.c XSMALL INTR2 WARNI
                    -NGLEVEL(0) BROWSE INCDIR(..\..\Libraries\libraries;..\..\Libraries\seekfree_libraries;..\..\Libraries\seekfree_periphera
                    -l;..\CODE;..\USER\inc;..\USER\src) DEBUG PRINT(.\Out_File\SEEKFREE_FONT.lst) TABS(2) OBJECT(.\Out_File\SEEKFREE_FONT.obj
                    -) 

stmt  level    source

    1          /********************************************************************************************************
             -*************
    2           * COPYRIGHT NOTICE
    3           * Copyright (c) 2018,逐飞科技
    4           * All rights reserved.
    5           * 技术讨论QQ群：一群：179029047(已满)  二群：244861897
    6           *
    7           * 以下所有内容版权均属逐飞科技所有，未经允许不得用于商业用途，
    8           * 欢迎各位使用并传播本程序，修改内容时必须保留逐飞科技的版权声明。
    9           *
   10           * @file          字体文件
   11           * @company       成都逐飞科技有限公司
   12           * @author        逐飞科技(QQ3184284598)
   13           * @version       查看doc内version文件 版本说明
   14           * @Software    MDK FOR C251 V5.60
   15           * @Taobao      https://seekfree.taobao.com/
   16           * @date          2018-05-24
   17           ********************************************************************************************************
             -************/
   18          
   19          #include "SEEKFREE_FONT.h"
   20          
   21          const uint8 code tft_ascii[95][16] =
   22            {
   23              {0x00, 0x00, 0x00, 0x00, 0x00, 0x00, 0x00, 0x00, 0x00, 0x00, 0x00, 0x00, 0x00, 0x00, 0x00, 0x00}, /*" "
             -,0*/
   24          
   25              {0x00, 0x00, 0x00, 0x08, 0x08, 0x08, 0x08, 0x08, 0x08, 0x08, 0x00, 0x00, 0x08, 0x08, 0x00, 0x00}, /*"!"
             -,1*/
   26          
   27              {0x00, 0x48, 0x24, 0x24, 0x12, 0x00, 0x00, 0x00, 0x00, 0x00, 0x00, 0x00, 0x00, 0x00, 0x00, 0x00}, /*"""
             -,2*/
   28          
   29              {0x00, 0x00, 0x00, 0x48, 0x48, 0x48, 0x7E, 0x24, 0x24, 0x24, 0x7E, 0x24, 0x24, 0x24, 0x00, 0x00}, /*"#"
             -,3*/
   30          
   31              {0x00, 0x00, 0x10, 0x3C, 0x52, 0x52, 0x12, 0x1C, 0x30, 0x50, 0x50, 0x52, 0x52, 0x3C, 0x10, 0x10}, /*"$"
             -,4*/
   32          
   33              {0x00, 0x00, 0x00, 0x22, 0x25, 0x15, 0x15, 0x0D, 0x2A, 0x58, 0x54, 0x54, 0x52, 0x22, 0x00, 0x00}, /*"%"
             -,5*/
   34          
   35              {0x00, 0x00, 0x00, 0x0C, 0x12, 0x12, 0x12, 0x0A, 0x76, 0x25, 0x29, 0x19, 0x91, 0x6E, 0x00, 0x00}, /*"&"
             -,6*/
   36          
   37              {0x00, 0x06, 0x04, 0x04, 0x02, 0x00, 0x00, 0x00, 0x00, 0x00, 0x00, 0x00, 0x00, 0x00, 0x00, 0x00}, /*"'"
             -,7*/
   38          
   39              {0x00, 0x40, 0x20, 0x10, 0x10, 0x08, 0x08, 0x08, 0x08, 0x08, 0x08, 0x10, 0x10, 0x20, 0x40, 0x00}, /*"("
             -,8*/
   40          
   41              {0x00, 0x02, 0x04, 0x08, 0x08, 0x10, 0x10, 0x10, 0x10, 0x10, 0x10, 0x08, 0x08, 0x04, 0x02, 0x00}, /*")"
             -,9*/
   42          
   43              {0x00, 0x00, 0x00, 0x00, 0x08, 0x08, 0x6B, 0x1C, 0x1C, 0x6B, 0x08, 0x08, 0x00, 0x00, 0x00, 0x00}, /*"*"
             -,10*/
C251 COMPILER V5.60.0,  SEEKFREE_FONT                                                      14/06/24  16:35:48  PAGE 2   

   44          
   45              {0x00, 0x00, 0x00, 0x00, 0x00, 0x10, 0x10, 0x10, 0xFE, 0x10, 0x10, 0x10, 0x00, 0x00, 0x00, 0x00}, /*"+"
             -,11*/
   46          
   47              {0x00, 0x00, 0x00, 0x00, 0x00, 0x00, 0x00, 0x00, 0x00, 0x00, 0x00, 0x00, 0x06, 0x04, 0x04, 0x02}, /*","
             -,12*/
   48          
   49              {0x00, 0x00, 0x00, 0x00, 0x00, 0x00, 0x00, 0x00, 0x7E, 0x00, 0x00, 0x00, 0x00, 0x00, 0x00, 0x00}, /*"-"
             -,13*/
   50          
   51              {0x00, 0x00, 0x00, 0x00, 0x00, 0x00, 0x00, 0x00, 0x00, 0x00, 0x00, 0x00, 0x06, 0x06, 0x00, 0x00}, /*"."
             -,14*/
   52          
   53              {0x00, 0x00, 0x40, 0x20, 0x20, 0x20, 0x10, 0x10, 0x08, 0x08, 0x08, 0x04, 0x04, 0x02, 0x02, 0x00}, /*"/"
             -,15*/
   54          
   55              {0x00, 0x00, 0x00, 0x18, 0x24, 0x42, 0x42, 0x42, 0x42, 0x42, 0x42, 0x42, 0x24, 0x18, 0x00, 0x00}, /*"0"
             -,16*/
   56          
   57              {0x00, 0x00, 0x00, 0x10, 0x1C, 0x10, 0x10, 0x10, 0x10, 0x10, 0x10, 0x10, 0x10, 0x7C, 0x00, 0x00}, /*"1"
             -,17*/
   58          
   59              {0x00, 0x00, 0x00, 0x3C, 0x42, 0x42, 0x42, 0x40, 0x20, 0x10, 0x08, 0x04, 0x42, 0x7E, 0x00, 0x00}, /*"2"
             -,18*/
   60          
   61              {0x00, 0x00, 0x00, 0x3C, 0x42, 0x42, 0x40, 0x20, 0x18, 0x20, 0x40, 0x42, 0x42, 0x3C, 0x00, 0x00}, /*"3"
             -,19*/
   62          
   63              {0x00, 0x00, 0x00, 0x20, 0x30, 0x30, 0x28, 0x24, 0x24, 0x22, 0xFE, 0x20, 0x20, 0xF8, 0x00, 0x00}, /*"4"
             -,20*/
   64          
   65              {0x00, 0x00, 0x00, 0x7E, 0x02, 0x02, 0x02, 0x1E, 0x22, 0x40, 0x40, 0x42, 0x22, 0x1C, 0x00, 0x00}, /*"5"
             -,21*/
   66          
   67              {0x00, 0x00, 0x00, 0x18, 0x24, 0x02, 0x02, 0x3A, 0x46, 0x42, 0x42, 0x42, 0x44, 0x38, 0x00, 0x00}, /*"6"
             -,22*/
   68          
   69              {0x00, 0x00, 0x00, 0x7E, 0x42, 0x20, 0x20, 0x10, 0x10, 0x08, 0x08, 0x08, 0x08, 0x08, 0x00, 0x00}, /*"7"
             -,23*/
   70          
   71              {0x00, 0x00, 0x00, 0x3C, 0x42, 0x42, 0x42, 0x24, 0x18, 0x24, 0x42, 0x42, 0x42, 0x3C, 0x00, 0x00}, /*"8"
             -,24*/
   72          
   73              {0x00, 0x00, 0x00, 0x1C, 0x22, 0x42, 0x42, 0x42, 0x62, 0x5C, 0x40, 0x40, 0x24, 0x18, 0x00, 0x00}, /*"9"
             -,25*/
   74          
   75              {0x00, 0x00, 0x00, 0x00, 0x00, 0x00, 0x18, 0x18, 0x00, 0x00, 0x00, 0x00, 0x18, 0x18, 0x00, 0x00}, /*":"
             -,26*/
   76          
   77              {0x00, 0x00, 0x00, 0x00, 0x00, 0x00, 0x00, 0x08, 0x00, 0x00, 0x00, 0x00, 0x00, 0x08, 0x08, 0x08}, /*";"
             -,27*/
   78          
   79              {0x00, 0x00, 0x00, 0x40, 0x20, 0x10, 0x08, 0x04, 0x02, 0x04, 0x08, 0x10, 0x20, 0x40, 0x00, 0x00}, /*"<"
             -,28*/
   80          
   81              {0x00, 0x00, 0x00, 0x00, 0x00, 0x00, 0x7E, 0x00, 0x00, 0x7E, 0x00, 0x00, 0x00, 0x00, 0x00, 0x00}, /*"="
             -,29*/
   82          
   83              {0x00, 0x00, 0x00, 0x02, 0x04, 0x08, 0x10, 0x20, 0x40, 0x20, 0x10, 0x08, 0x04, 0x02, 0x00, 0x00}, /*">"
             -,30*/
   84          
   85              {0x00, 0x00, 0x00, 0x3C, 0x42, 0x42, 0x46, 0x20, 0x10, 0x10, 0x10, 0x00, 0x18, 0x18, 0x00, 0x00}, /*"?"
             -,31*/
   86          
   87              {0x00, 0x00, 0x00, 0x1C, 0x22, 0x5A, 0x55, 0x55, 0x55, 0x55, 0x55, 0x3A, 0x42, 0x3C, 0x00, 0x00}, /*"@"
             -,32*/
C251 COMPILER V5.60.0,  SEEKFREE_FONT                                                      14/06/24  16:35:48  PAGE 3   

   88          
   89              {0x00, 0x00, 0x00, 0x08, 0x08, 0x18, 0x14, 0x14, 0x24, 0x3C, 0x22, 0x42, 0x42, 0xE7, 0x00, 0x00}, /*"A"
             -,33*/
   90          
   91              {0x00, 0x00, 0x00, 0x1F, 0x22, 0x22, 0x22, 0x1E, 0x22, 0x42, 0x42, 0x42, 0x22, 0x1F, 0x00, 0x00}, /*"B"
             -,34*/
   92          
   93              {0x00, 0x00, 0x00, 0x7C, 0x42, 0x42, 0x01, 0x01, 0x01, 0x01, 0x01, 0x42, 0x22, 0x1C, 0x00, 0x00}, /*"C"
             -,35*/
   94          
   95              {0x00, 0x00, 0x00, 0x1F, 0x22, 0x42, 0x42, 0x42, 0x42, 0x42, 0x42, 0x42, 0x22, 0x1F, 0x00, 0x00}, /*"D"
             -,36*/
   96          
   97              {0x00, 0x00, 0x00, 0x3F, 0x42, 0x12, 0x12, 0x1E, 0x12, 0x12, 0x02, 0x42, 0x42, 0x3F, 0x00, 0x00}, /*"E"
             -,37*/
   98          
   99              {0x00, 0x00, 0x00, 0x3F, 0x42, 0x12, 0x12, 0x1E, 0x12, 0x12, 0x02, 0x02, 0x02, 0x07, 0x00, 0x00}, /*"F"
             -,38*/
  100          
  101              {0x00, 0x00, 0x00, 0x3C, 0x22, 0x22, 0x01, 0x01, 0x01, 0x71, 0x21, 0x22, 0x22, 0x1C, 0x00, 0x00}, /*"G"
             -,39*/
  102          
  103              {0x00, 0x00, 0x00, 0xE7, 0x42, 0x42, 0x42, 0x42, 0x7E, 0x42, 0x42, 0x42, 0x42, 0xE7, 0x00, 0x00}, /*"H"
             -,40*/
  104          
  105              {0x00, 0x00, 0x00, 0x3E, 0x08, 0x08, 0x08, 0x08, 0x08, 0x08, 0x08, 0x08, 0x08, 0x3E, 0x00, 0x00}, /*"I"
             -,41*/
  106          
  107              {0x00, 0x00, 0x00, 0x7C, 0x10, 0x10, 0x10, 0x10, 0x10, 0x10, 0x10, 0x10, 0x10, 0x10, 0x11, 0x0F}, /*"J"
             -,42*/
  108          
  109              {0x00, 0x00, 0x00, 0x77, 0x22, 0x12, 0x0A, 0x0E, 0x0A, 0x12, 0x12, 0x22, 0x22, 0x77, 0x00, 0x00}, /*"K"
             -,43*/
  110          
  111              {0x00, 0x00, 0x00, 0x07, 0x02, 0x02, 0x02, 0x02, 0x02, 0x02, 0x02, 0x02, 0x42, 0x7F, 0x00, 0x00}, /*"L"
             -,44*/
  112          
  113              {0x00, 0x00, 0x00, 0x77, 0x36, 0x36, 0x36, 0x36, 0x36, 0x2A, 0x2A, 0x2A, 0x2A, 0x6B, 0x00, 0x00}, /*"M"
             -,45*/
  114          
  115              {0x00, 0x00, 0x00, 0xE3, 0x46, 0x46, 0x4A, 0x4A, 0x52, 0x52, 0x52, 0x62, 0x62, 0x47, 0x00, 0x00}, /*"N"
             -,46*/
  116          
  117              {0x00, 0x00, 0x00, 0x1C, 0x22, 0x41, 0x41, 0x41, 0x41, 0x41, 0x41, 0x41, 0x22, 0x1C, 0x00, 0x00}, /*"O"
             -,47*/
  118          
  119              {0x00, 0x00, 0x00, 0x3F, 0x42, 0x42, 0x42, 0x42, 0x3E, 0x02, 0x02, 0x02, 0x02, 0x07, 0x00, 0x00}, /*"P"
             -,48*/
  120          
  121              {0x00, 0x00, 0x00, 0x1C, 0x22, 0x41, 0x41, 0x41, 0x41, 0x41, 0x41, 0x4D, 0x32, 0x1C, 0x60, 0x00}, /*"Q"
             -,49*/
  122          
  123              {0x00, 0x00, 0x00, 0x3F, 0x42, 0x42, 0x42, 0x3E, 0x12, 0x12, 0x22, 0x22, 0x42, 0xC7, 0x00, 0x00}, /*"R"
             -,50*/
  124          
  125              {0x00, 0x00, 0x00, 0x7C, 0x42, 0x42, 0x02, 0x04, 0x18, 0x20, 0x40, 0x42, 0x42, 0x3E, 0x00, 0x00}, /*"S"
             -,51*/
  126          
  127              {0x00, 0x00, 0x00, 0x7F, 0x49, 0x08, 0x08, 0x08, 0x08, 0x08, 0x08, 0x08, 0x08, 0x1C, 0x00, 0x00}, /*"T"
             -,52*/
  128          
  129              {0x00, 0x00, 0x00, 0xE7, 0x42, 0x42, 0x42, 0x42, 0x42, 0x42, 0x42, 0x42, 0x42, 0x3C, 0x00, 0x00}, /*"U"
             -,53*/
  130          
  131              {0x00, 0x00, 0x00, 0xE7, 0x42, 0x42, 0x22, 0x24, 0x24, 0x14, 0x14, 0x18, 0x08, 0x08, 0x00, 0x00}, /*"V"
             -,54*/
C251 COMPILER V5.60.0,  SEEKFREE_FONT                                                      14/06/24  16:35:48  PAGE 4   

  132          
  133              {0x00, 0x00, 0x00, 0x6B, 0x2A, 0x2A, 0x2A, 0x2A, 0x2A, 0x36, 0x14, 0x14, 0x14, 0x14, 0x00, 0x00}, /*"W"
             -,55*/
  134          
  135              {0x00, 0x00, 0x00, 0xE7, 0x42, 0x24, 0x24, 0x18, 0x18, 0x18, 0x24, 0x24, 0x42, 0xE7, 0x00, 0x00}, /*"X"
             -,56*/
  136          
  137              {0x00, 0x00, 0x00, 0x77, 0x22, 0x22, 0x14, 0x14, 0x08, 0x08, 0x08, 0x08, 0x08, 0x1C, 0x00, 0x00}, /*"Y"
             -,57*/
  138          
  139              {0x00, 0x00, 0x00, 0x7E, 0x21, 0x20, 0x10, 0x10, 0x08, 0x04, 0x04, 0x42, 0x42, 0x3F, 0x00, 0x00}, /*"Z"
             -,58*/
  140          
  141              {0x00, 0x78, 0x08, 0x08, 0x08, 0x08, 0x08, 0x08, 0x08, 0x08, 0x08, 0x08, 0x08, 0x08, 0x78, 0x00}, /*"["
             -,59*/
  142          
  143              {0x00, 0x00, 0x02, 0x04, 0x04, 0x04, 0x08, 0x08, 0x08, 0x10, 0x10, 0x20, 0x20, 0x20, 0x40, 0x40}, /*"\"
             -,60*/
  144          
  145              {0x00, 0x1E, 0x10, 0x10, 0x10, 0x10, 0x10, 0x10, 0x10, 0x10, 0x10, 0x10, 0x10, 0x10, 0x1E, 0x00}, /*"]"
             -,61*/
  146          
  147              {0x00, 0x18, 0x24, 0x00, 0x00, 0x00, 0x00, 0x00, 0x00, 0x00, 0x00, 0x00, 0x00, 0x00, 0x00, 0x00}, /*"^"
             -,62*/
  148          
  149              {0x00, 0x00, 0x00, 0x00, 0x00, 0x00, 0x00, 0x00, 0x7E, 0x00, 0x00, 0x00, 0x00, 0x00, 0x00, 0x00}, /*"-"
             -,63*/
  150          
  151              {0x00, 0x06, 0x08, 0x00, 0x00, 0x00, 0x00, 0x00, 0x00, 0x00, 0x00, 0x00, 0x00, 0x00, 0x00, 0x00}, /*"`"
             -,64*/
  152          
  153              {0x00, 0x00, 0x00, 0x00, 0x00, 0x00, 0x00, 0x1C, 0x22, 0x30, 0x2C, 0x22, 0x32, 0x6C, 0x00, 0x00}, /*"a"
             -,65*/
  154          
  155              {0x00, 0x00, 0x00, 0x00, 0x03, 0x02, 0x02, 0x1A, 0x26, 0x42, 0x42, 0x42, 0x26, 0x1A, 0x00, 0x00}, /*"b"
             -,66*/
  156          
  157              {0x00, 0x00, 0x00, 0x00, 0x00, 0x00, 0x00, 0x38, 0x44, 0x02, 0x02, 0x02, 0x44, 0x38, 0x00, 0x00}, /*"c"
             -,67*/
  158          
  159              {0x00, 0x00, 0x00, 0x00, 0x60, 0x40, 0x40, 0x7C, 0x42, 0x42, 0x42, 0x42, 0x62, 0xDC, 0x00, 0x00}, /*"d"
             -,68*/
  160          
  161              {0x00, 0x00, 0x00, 0x00, 0x00, 0x00, 0x00, 0x3C, 0x42, 0x42, 0x7E, 0x02, 0x42, 0x3C, 0x00, 0x00}, /*"e"
             -,69*/
  162          
  163              {0x00, 0x00, 0x00, 0x00, 0x30, 0x48, 0x08, 0x3E, 0x08, 0x08, 0x08, 0x08, 0x08, 0x3E, 0x00, 0x00}, /*"f"
             -,70*/
  164          
  165              {0x00, 0x00, 0x00, 0x00, 0x00, 0x00, 0x00, 0x7C, 0x22, 0x22, 0x1C, 0x02, 0x3C, 0x42, 0x42, 0x3C}, /*"g"
             -,71*/
  166          
  167              {0x00, 0x00, 0x00, 0x00, 0x03, 0x02, 0x02, 0x3A, 0x46, 0x42, 0x42, 0x42, 0x42, 0xE7, 0x00, 0x00}, /*"h"
             -,72*/
  168          
  169              {0x00, 0x00, 0x00, 0x0C, 0x0C, 0x00, 0x00, 0x0E, 0x08, 0x08, 0x08, 0x08, 0x08, 0x3E, 0x00, 0x00}, /*"i"
             -,73*/
  170          
  171              {0x00, 0x00, 0x00, 0x30, 0x30, 0x00, 0x00, 0x38, 0x20, 0x20, 0x20, 0x20, 0x20, 0x20, 0x22, 0x1E}, /*"j"
             -,74*/
  172          
  173              {0x00, 0x00, 0x00, 0x00, 0x03, 0x02, 0x02, 0x72, 0x12, 0x0A, 0x0E, 0x12, 0x22, 0x77, 0x00, 0x00}, /*"k"
             -,75*/
  174          
  175              {0x00, 0x00, 0x00, 0x08, 0x0E, 0x08, 0x08, 0x08, 0x08, 0x08, 0x08, 0x08, 0x08, 0x3E, 0x00, 0x00}, /*"l"
             -,76*/
C251 COMPILER V5.60.0,  SEEKFREE_FONT                                                      14/06/24  16:35:48  PAGE 5   

  176          
  177              {0x00, 0x00, 0x00, 0x00, 0x00, 0x00, 0x00, 0x7F, 0x92, 0x92, 0x92, 0x92, 0x92, 0xB7, 0x00, 0x00}, /*"m"
             -,77*/
  178          
  179              {0x00, 0x00, 0x00, 0x00, 0x00, 0x00, 0x00, 0x3B, 0x46, 0x42, 0x42, 0x42, 0x42, 0xE7, 0x00, 0x00}, /*"n"
             -,78*/
  180          
  181              {0x00, 0x00, 0x00, 0x00, 0x00, 0x00, 0x00, 0x3C, 0x42, 0x42, 0x42, 0x42, 0x42, 0x3C, 0x00, 0x00}, /*"o"
             -,79*/
  182          
  183              {0x00, 0x00, 0x00, 0x00, 0x00, 0x00, 0x00, 0x1B, 0x26, 0x42, 0x42, 0x42, 0x26, 0x1A, 0x02, 0x07}, /*"p"
             -,80*/
  184          
  185              {0x00, 0x00, 0x00, 0x00, 0x00, 0x00, 0x00, 0x58, 0x64, 0x42, 0x42, 0x42, 0x64, 0x58, 0x40, 0xE0}, /*"q"
             -,81*/
  186          
  187              {0x00, 0x00, 0x00, 0x00, 0x00, 0x00, 0x00, 0x77, 0x4C, 0x04, 0x04, 0x04, 0x04, 0x1F, 0x00, 0x00}, /*"r"
             -,82*/
  188          
  189              {0x00, 0x00, 0x00, 0x00, 0x00, 0x00, 0x00, 0x7C, 0x42, 0x02, 0x3C, 0x40, 0x42, 0x3E, 0x00, 0x00}, /*"s"
             -,83*/
  190          
  191              {0x00, 0x00, 0x00, 0x00, 0x00, 0x08, 0x08, 0x3E, 0x08, 0x08, 0x08, 0x08, 0x48, 0x30, 0x00, 0x00}, /*"t"
             -,84*/
  192          
  193              {0x00, 0x00, 0x00, 0x00, 0x00, 0x00, 0x00, 0x63, 0x42, 0x42, 0x42, 0x42, 0x62, 0xDC, 0x00, 0x00}, /*"u"
             -,85*/
  194          
  195              {0x00, 0x00, 0x00, 0x00, 0x00, 0x00, 0x00, 0x77, 0x22, 0x22, 0x14, 0x14, 0x08, 0x08, 0x00, 0x00}, /*"v"
             -,86*/
  196          
  197              {0x00, 0x00, 0x00, 0x00, 0x00, 0x00, 0x00, 0xDB, 0x91, 0x52, 0x5A, 0x2A, 0x24, 0x24, 0x00, 0x00}, /*"w"
             -,87*/
  198          
  199              {0x00, 0x00, 0x00, 0x00, 0x00, 0x00, 0x00, 0x6E, 0x24, 0x18, 0x18, 0x18, 0x24, 0x76, 0x00, 0x00}, /*"x"
             -,88*/
  200          
  201              {0x00, 0x00, 0x00, 0x00, 0x00, 0x00, 0x00, 0xE7, 0x42, 0x24, 0x24, 0x18, 0x18, 0x08, 0x08, 0x06}, /*"y"
             -,89*/
  202          
  203              {0x00, 0x00, 0x00, 0x00, 0x00, 0x00, 0x00, 0x7E, 0x22, 0x10, 0x08, 0x08, 0x44, 0x7E, 0x00, 0x00}, /*"z"
             -,90*/
  204          
  205              {0x00, 0xC0, 0x20, 0x20, 0x20, 0x20, 0x20, 0x20, 0x10, 0x20, 0x20, 0x20, 0x20, 0x20, 0xC0, 0x00}, /*"{"
             -,91*/
  206          
  207              {0x10, 0x10, 0x10, 0x10, 0x10, 0x10, 0x10, 0x10, 0x10, 0x10, 0x10, 0x10, 0x10, 0x10, 0x10, 0x10}, /*"|"
             -,92*/
  208          
  209              {0x00, 0x03, 0x04, 0x04, 0x04, 0x04, 0x04, 0x04, 0x08, 0x04, 0x04, 0x04, 0x04, 0x04, 0x03, 0x00}, /*"}"
             -,93*/
  210          
  211              {0x04, 0x5A, 0x20, 0x00, 0x00, 0x00, 0x00, 0x00, 0x00, 0x00, 0x00, 0x00, 0x00, 0x00, 0x00, 0x00}, /*"~"
             -,94*/
  212          };
  213          
  214          const uint8 code oled_6x8[][6] =
  215            {
  216              {0x00, 0x00, 0x00, 0x00, 0x00, 0x00}, // sp
  217              {0x00, 0x00, 0x00, 0x2f, 0x00, 0x00}, // !
  218              {0x00, 0x00, 0x07, 0x00, 0x07, 0x00}, // "
  219              {0x00, 0x14, 0x7f, 0x14, 0x7f, 0x14}, // #
  220              {0x00, 0x24, 0x2a, 0x7f, 0x2a, 0x12}, // $
  221              {0x00, 0x62, 0x64, 0x08, 0x13, 0x23}, // %
  222              {0x00, 0x36, 0x49, 0x55, 0x22, 0x50}, // &
  223              {0x00, 0x00, 0x05, 0x03, 0x00, 0x00}, // '
C251 COMPILER V5.60.0,  SEEKFREE_FONT                                                      14/06/24  16:35:48  PAGE 6   

  224              {0x00, 0x00, 0x1c, 0x22, 0x41, 0x00}, // (
  225              {0x00, 0x00, 0x41, 0x22, 0x1c, 0x00}, // )
  226              {0x00, 0x14, 0x08, 0x3E, 0x08, 0x14}, // *
  227              {0x00, 0x08, 0x08, 0x3E, 0x08, 0x08}, // +
  228              {0x00, 0x00, 0x00, 0xA0, 0x60, 0x00}, // ,
  229              {0x00, 0x08, 0x08, 0x08, 0x08, 0x08}, // -
  230              {0x00, 0x00, 0x60, 0x60, 0x00, 0x00}, // .
  231              {0x00, 0x20, 0x10, 0x08, 0x04, 0x02}, // /
  232              {0x00, 0x3E, 0x51, 0x49, 0x45, 0x3E}, // 0
  233              {0x00, 0x00, 0x42, 0x7F, 0x40, 0x00}, // 1
  234              {0x00, 0x42, 0x61, 0x51, 0x49, 0x46}, // 2
  235              {0x00, 0x21, 0x41, 0x45, 0x4B, 0x31}, // 3
  236              {0x00, 0x18, 0x14, 0x12, 0x7F, 0x10}, // 4
  237              {0x00, 0x27, 0x45, 0x45, 0x45, 0x39}, // 5
  238              {0x00, 0x3C, 0x4A, 0x49, 0x49, 0x30}, // 6
  239              {0x00, 0x01, 0x71, 0x09, 0x05, 0x03}, // 7
  240              {0x00, 0x36, 0x49, 0x49, 0x49, 0x36}, // 8
  241              {0x00, 0x06, 0x49, 0x49, 0x29, 0x1E}, // 9
  242              {0x00, 0x00, 0x36, 0x36, 0x00, 0x00}, // :
  243              {0x00, 0x00, 0x56, 0x36, 0x00, 0x00}, // ;
  244              {0x00, 0x08, 0x14, 0x22, 0x41, 0x00}, // <
  245              {0x00, 0x14, 0x14, 0x14, 0x14, 0x14}, // =
  246              {0x00, 0x00, 0x41, 0x22, 0x14, 0x08}, // >
  247              {0x00, 0x02, 0x01, 0x51, 0x09, 0x06}, // ?
  248              {0x00, 0x32, 0x49, 0x59, 0x51, 0x3E}, // @
  249              {0x00, 0x7C, 0x12, 0x11, 0x12, 0x7C}, // A
  250              {0x00, 0x7F, 0x49, 0x49, 0x49, 0x36}, // B
  251              {0x00, 0x3E, 0x41, 0x41, 0x41, 0x22}, // C
  252              {0x00, 0x7F, 0x41, 0x41, 0x22, 0x1C}, // D
  253              {0x00, 0x7F, 0x49, 0x49, 0x49, 0x41}, // E
  254              {0x00, 0x7F, 0x09, 0x09, 0x09, 0x01}, // F
  255              {0x00, 0x3E, 0x41, 0x49, 0x49, 0x7A}, // G
  256              {0x00, 0x7F, 0x08, 0x08, 0x08, 0x7F}, // H
  257              {0x00, 0x00, 0x41, 0x7F, 0x41, 0x00}, // I
  258              {0x00, 0x20, 0x40, 0x41, 0x3F, 0x01}, // J
  259              {0x00, 0x7F, 0x08, 0x14, 0x22, 0x41}, // K
  260              {0x00, 0x7F, 0x40, 0x40, 0x40, 0x40}, // L
  261              {0x00, 0x7F, 0x02, 0x0C, 0x02, 0x7F}, // M
  262              {0x00, 0x7F, 0x04, 0x08, 0x10, 0x7F}, // N
  263              {0x00, 0x3E, 0x41, 0x41, 0x41, 0x3E}, // O
  264              {0x00, 0x7F, 0x09, 0x09, 0x09, 0x06}, // P
  265              {0x00, 0x3E, 0x41, 0x51, 0x21, 0x5E}, // Q
  266              {0x00, 0x7F, 0x09, 0x19, 0x29, 0x46}, // R
  267              {0x00, 0x46, 0x49, 0x49, 0x49, 0x31}, // S
  268              {0x00, 0x01, 0x01, 0x7F, 0x01, 0x01}, // T
  269              {0x00, 0x3F, 0x40, 0x40, 0x40, 0x3F}, // U
  270              {0x00, 0x1F, 0x20, 0x40, 0x20, 0x1F}, // V
  271              {0x00, 0x3F, 0x40, 0x38, 0x40, 0x3F}, // W
  272              {0x00, 0x63, 0x14, 0x08, 0x14, 0x63}, // X
  273              {0x00, 0x07, 0x08, 0x70, 0x08, 0x07}, // Y
  274              {0x00, 0x61, 0x51, 0x49, 0x45, 0x43}, // Z
  275              {0x00, 0x00, 0x7F, 0x41, 0x41, 0x00}, // [
  276              {0x00, 0x55, 0x2A, 0x55, 0x2A, 0x55}, // 55
  277              {0x00, 0x00, 0x41, 0x41, 0x7F, 0x00}, // ]
  278              {0x00, 0x04, 0x02, 0x01, 0x02, 0x04}, // ^
  279              {0x00, 0x40, 0x40, 0x40, 0x40, 0x40}, // _
  280              {0x00, 0x00, 0x01, 0x02, 0x04, 0x00}, // '
  281              {0x00, 0x20, 0x54, 0x54, 0x54, 0x78}, // a
  282              {0x00, 0x7F, 0x48, 0x44, 0x44, 0x38}, // b
  283              {0x00, 0x38, 0x44, 0x44, 0x44, 0x20}, // c
  284              {0x00, 0x38, 0x44, 0x44, 0x48, 0x7F}, // d
  285              {0x00, 0x38, 0x54, 0x54, 0x54, 0x18}, // e
  286              {0x00, 0x08, 0x7E, 0x09, 0x01, 0x02}, // f
  287              {0x00, 0x18, 0xA4, 0xA4, 0xA4, 0x7C}, // g
  288              {0x00, 0x7F, 0x08, 0x04, 0x04, 0x78}, // h
  289              {0x00, 0x00, 0x44, 0x7D, 0x40, 0x00}, // i
C251 COMPILER V5.60.0,  SEEKFREE_FONT                                                      14/06/24  16:35:48  PAGE 7   

  290              {0x00, 0x40, 0x80, 0x84, 0x7D, 0x00}, // j
  291              {0x00, 0x7F, 0x10, 0x28, 0x44, 0x00}, // k
  292              {0x00, 0x00, 0x41, 0x7F, 0x40, 0x00}, // l
  293              {0x00, 0x7C, 0x04, 0x18, 0x04, 0x78}, // m
  294              {0x00, 0x7C, 0x08, 0x04, 0x04, 0x78}, // n
  295              {0x00, 0x38, 0x44, 0x44, 0x44, 0x38}, // o
  296              {0x00, 0xFC, 0x24, 0x24, 0x24, 0x18}, // p
  297              {0x00, 0x18, 0x24, 0x24, 0x18, 0xFC}, // q
  298              {0x00, 0x7C, 0x08, 0x04, 0x04, 0x08}, // r
  299              {0x00, 0x48, 0x54, 0x54, 0x54, 0x20}, // s
  300              {0x00, 0x04, 0x3F, 0x44, 0x40, 0x20}, // t
  301              {0x00, 0x3C, 0x40, 0x40, 0x20, 0x7C}, // u
  302              {0x00, 0x1C, 0x20, 0x40, 0x20, 0x1C}, // v
  303              {0x00, 0x3C, 0x40, 0x30, 0x40, 0x3C}, // w
  304              {0x00, 0x44, 0x28, 0x10, 0x28, 0x44}, // x
  305              {0x00, 0x1C, 0xA0, 0xA0, 0xA0, 0x7C}, // y
  306              {0x00, 0x44, 0x64, 0x54, 0x4C, 0x44}, // z
  307              {0x14, 0x14, 0x14, 0x14, 0x14, 0x14}  // horiz lines
  308          };
  309          
  310          const uint8 code oled_8x16[] =
  311            {
  312              0x00, 0x00, 0x00, 0x00, 0x00, 0x00, 0x00, 0x00, 0x00, 0x00, 0x00, 0x00, 0x00, 0x00, 0x00, 0x00, //  0
  313              0x00, 0x00, 0x00, 0xF8, 0x00, 0x00, 0x00, 0x00, 0x00, 0x00, 0x00, 0x33, 0x30, 0x00, 0x00, 0x00, //! 1
  314              0x00, 0x10, 0x0C, 0x06, 0x10, 0x0C, 0x06, 0x00, 0x00, 0x00, 0x00, 0x00, 0x00, 0x00, 0x00, 0x00, //" 2
  315              0x40, 0xC0, 0x78, 0x40, 0xC0, 0x78, 0x40, 0x00, 0x04, 0x3F, 0x04, 0x04, 0x3F, 0x04, 0x04, 0x00, //# 3
  316              0x00, 0x70, 0x88, 0xFC, 0x08, 0x30, 0x00, 0x00, 0x00, 0x18, 0x20, 0xFF, 0x21, 0x1E, 0x00, 0x00, //$ 4
  317              0xF0, 0x08, 0xF0, 0x00, 0xE0, 0x18, 0x00, 0x00, 0x00, 0x21, 0x1C, 0x03, 0x1E, 0x21, 0x1E, 0x00, //% 5
  318              0x00, 0xF0, 0x08, 0x88, 0x70, 0x00, 0x00, 0x00, 0x1E, 0x21, 0x23, 0x24, 0x19, 0x27, 0x21, 0x10, //& 6
  319              0x10, 0x16, 0x0E, 0x00, 0x00, 0x00, 0x00, 0x00, 0x00, 0x00, 0x00, 0x00, 0x00, 0x00, 0x00, 0x00, //' 7
  320              0x00, 0x00, 0x00, 0xE0, 0x18, 0x04, 0x02, 0x00, 0x00, 0x00, 0x00, 0x07, 0x18, 0x20, 0x40, 0x00, //( 8
  321              0x00, 0x02, 0x04, 0x18, 0xE0, 0x00, 0x00, 0x00, 0x00, 0x40, 0x20, 0x18, 0x07, 0x00, 0x00, 0x00, //) 9
  322              0x40, 0x40, 0x80, 0xF0, 0x80, 0x40, 0x40, 0x00, 0x02, 0x02, 0x01, 0x0F, 0x01, 0x02, 0x02, 0x00, //* 10
  323              0x00, 0x00, 0x00, 0xF0, 0x00, 0x00, 0x00, 0x00, 0x01, 0x01, 0x01, 0x1F, 0x01, 0x01, 0x01, 0x00, //+ 11
  324              0x00, 0x00, 0x00, 0x00, 0x00, 0x00, 0x00, 0x00, 0x80, 0xB0, 0x70, 0x00, 0x00, 0x00, 0x00, 0x00, //, 12
  325              0x00, 0x00, 0x00, 0x00, 0x00, 0x00, 0x00, 0x00, 0x00, 0x01, 0x01, 0x01, 0x01, 0x01, 0x01, 0x01, //- 13
  326              0x00, 0x00, 0x00, 0x00, 0x00, 0x00, 0x00, 0x00, 0x00, 0x30, 0x30, 0x00, 0x00, 0x00, 0x00, 0x00, //. 14
  327              0x00, 0x00, 0x00, 0x00, 0x80, 0x60, 0x18, 0x04, 0x00, 0x60, 0x18, 0x06, 0x01, 0x00, 0x00, 0x00, /// 15
  328              0x00, 0xE0, 0x10, 0x08, 0x08, 0x10, 0xE0, 0x00, 0x00, 0x0F, 0x10, 0x20, 0x20, 0x10, 0x0F, 0x00, // 0 16
  329              0x00, 0x10, 0x10, 0xF8, 0x00, 0x00, 0x00, 0x00, 0x00, 0x20, 0x20, 0x3F, 0x20, 0x20, 0x00, 0x00, // 1 17
  330              0x00, 0x70, 0x08, 0x08, 0x08, 0x88, 0x70, 0x00, 0x00, 0x30, 0x28, 0x24, 0x22, 0x21, 0x30, 0x00, // 2 18
  331              0x00, 0x30, 0x08, 0x88, 0x88, 0x48, 0x30, 0x00, 0x00, 0x18, 0x20, 0x20, 0x20, 0x11, 0x0E, 0x00, // 3 19
  332              0x00, 0x00, 0xC0, 0x20, 0x10, 0xF8, 0x00, 0x00, 0x00, 0x07, 0x04, 0x24, 0x24, 0x3F, 0x24, 0x00, // 4 20
  333              0x00, 0xF8, 0x08, 0x88, 0x88, 0x08, 0x08, 0x00, 0x00, 0x19, 0x21, 0x20, 0x20, 0x11, 0x0E, 0x00, // 5 21
  334              0x00, 0xE0, 0x10, 0x88, 0x88, 0x18, 0x00, 0x00, 0x00, 0x0F, 0x11, 0x20, 0x20, 0x11, 0x0E, 0x00, // 6 22
  335              0x00, 0x38, 0x08, 0x08, 0xC8, 0x38, 0x08, 0x00, 0x00, 0x00, 0x00, 0x3F, 0x00, 0x00, 0x00, 0x00, // 7 23
  336              0x00, 0x70, 0x88, 0x08, 0x08, 0x88, 0x70, 0x00, 0x00, 0x1C, 0x22, 0x21, 0x21, 0x22, 0x1C, 0x00, // 8 24
  337              0x00, 0xE0, 0x10, 0x08, 0x08, 0x10, 0xE0, 0x00, 0x00, 0x00, 0x31, 0x22, 0x22, 0x11, 0x0F, 0x00, // 9 25
  338              0x00, 0x00, 0x00, 0xC0, 0xC0, 0x00, 0x00, 0x00, 0x00, 0x00, 0x00, 0x30, 0x30, 0x00, 0x00, 0x00, //: 26
  339              0x00, 0x00, 0x00, 0x80, 0x00, 0x00, 0x00, 0x00, 0x00, 0x00, 0x80, 0x60, 0x00, 0x00, 0x00, 0x00, //; 27
  340              0x00, 0x00, 0x80, 0x40, 0x20, 0x10, 0x08, 0x00, 0x00, 0x01, 0x02, 0x04, 0x08, 0x10, 0x20, 0x00, //< 28
  341              0x40, 0x40, 0x40, 0x40, 0x40, 0x40, 0x40, 0x00, 0x04, 0x04, 0x04, 0x04, 0x04, 0x04, 0x04, 0x00, //= 29
  342              0x00, 0x08, 0x10, 0x20, 0x40, 0x80, 0x00, 0x00, 0x00, 0x20, 0x10, 0x08, 0x04, 0x02, 0x01, 0x00, //> 30
  343              0x00, 0x70, 0x48, 0x08, 0x08, 0x08, 0xF0, 0x00, 0x00, 0x00, 0x00, 0x30, 0x36, 0x01, 0x00, 0x00, //? 31
  344              0xC0, 0x30, 0xC8, 0x28, 0xE8, 0x10, 0xE0, 0x00, 0x07, 0x18, 0x27, 0x24, 0x23, 0x14, 0x0B, 0x00, //@ 32
  345              0x00, 0x00, 0xC0, 0x38, 0xE0, 0x00, 0x00, 0x00, 0x20, 0x3C, 0x23, 0x02, 0x02, 0x27, 0x38, 0x20, // A 33
  346              0x08, 0xF8, 0x88, 0x88, 0x88, 0x70, 0x00, 0x00, 0x20, 0x3F, 0x20, 0x20, 0x20, 0x11, 0x0E, 0x00, // B 34
  347              0xC0, 0x30, 0x08, 0x08, 0x08, 0x08, 0x38, 0x00, 0x07, 0x18, 0x20, 0x20, 0x20, 0x10, 0x08, 0x00, // C 35
  348              0x08, 0xF8, 0x08, 0x08, 0x08, 0x10, 0xE0, 0x00, 0x20, 0x3F, 0x20, 0x20, 0x20, 0x10, 0x0F, 0x00, // D 36
  349              0x08, 0xF8, 0x88, 0x88, 0xE8, 0x08, 0x10, 0x00, 0x20, 0x3F, 0x20, 0x20, 0x23, 0x20, 0x18, 0x00, // E 37
  350              0x08, 0xF8, 0x88, 0x88, 0xE8, 0x08, 0x10, 0x00, 0x20, 0x3F, 0x20, 0x00, 0x03, 0x00, 0x00, 0x00, // F 38
  351              0xC0, 0x30, 0x08, 0x08, 0x08, 0x38, 0x00, 0x00, 0x07, 0x18, 0x20, 0x20, 0x22, 0x1E, 0x02, 0x00, // G 39
  352              0x08, 0xF8, 0x08, 0x00, 0x00, 0x08, 0xF8, 0x08, 0x20, 0x3F, 0x21, 0x01, 0x01, 0x21, 0x3F, 0x20, // H 40
  353              0x00, 0x08, 0x08, 0xF8, 0x08, 0x08, 0x00, 0x00, 0x00, 0x20, 0x20, 0x3F, 0x20, 0x20, 0x00, 0x00, // I 41
  354              0x00, 0x00, 0x08, 0x08, 0xF8, 0x08, 0x08, 0x00, 0xC0, 0x80, 0x80, 0x80, 0x7F, 0x00, 0x00, 0x00, // J 42
  355              0x08, 0xF8, 0x88, 0xC0, 0x28, 0x18, 0x08, 0x00, 0x20, 0x3F, 0x20, 0x01, 0x26, 0x38, 0x20, 0x00, // K 43
C251 COMPILER V5.60.0,  SEEKFREE_FONT                                                      14/06/24  16:35:48  PAGE 8   

  356              0x08, 0xF8, 0x08, 0x00, 0x00, 0x00, 0x00, 0x00, 0x20, 0x3F, 0x20, 0x20, 0x20, 0x20, 0x30, 0x00, // L 44
  357              0x08, 0xF8, 0xF8, 0x00, 0xF8, 0xF8, 0x08, 0x00, 0x20, 0x3F, 0x00, 0x3F, 0x00, 0x3F, 0x20, 0x00, // M 45
  358              0x08, 0xF8, 0x30, 0xC0, 0x00, 0x08, 0xF8, 0x08, 0x20, 0x3F, 0x20, 0x00, 0x07, 0x18, 0x3F, 0x00, // N 46
  359              0xE0, 0x10, 0x08, 0x08, 0x08, 0x10, 0xE0, 0x00, 0x0F, 0x10, 0x20, 0x20, 0x20, 0x10, 0x0F, 0x00, // O 47
  360              0x08, 0xF8, 0x08, 0x08, 0x08, 0x08, 0xF0, 0x00, 0x20, 0x3F, 0x21, 0x01, 0x01, 0x01, 0x00, 0x00, // P 48
  361              0xE0, 0x10, 0x08, 0x08, 0x08, 0x10, 0xE0, 0x00, 0x0F, 0x18, 0x24, 0x24, 0x38, 0x50, 0x4F, 0x00, // Q 49
  362              0x08, 0xF8, 0x88, 0x88, 0x88, 0x88, 0x70, 0x00, 0x20, 0x3F, 0x20, 0x00, 0x03, 0x0C, 0x30, 0x20, // R 50
  363              0x00, 0x70, 0x88, 0x08, 0x08, 0x08, 0x38, 0x00, 0x00, 0x38, 0x20, 0x21, 0x21, 0x22, 0x1C, 0x00, // S 51
  364              0x18, 0x08, 0x08, 0xF8, 0x08, 0x08, 0x18, 0x00, 0x00, 0x00, 0x20, 0x3F, 0x20, 0x00, 0x00, 0x00, // T 52
  365              0x08, 0xF8, 0x08, 0x00, 0x00, 0x08, 0xF8, 0x08, 0x00, 0x1F, 0x20, 0x20, 0x20, 0x20, 0x1F, 0x00, // U 53
  366              0x08, 0x78, 0x88, 0x00, 0x00, 0xC8, 0x38, 0x08, 0x00, 0x00, 0x07, 0x38, 0x0E, 0x01, 0x00, 0x00, // V 54
  367              0xF8, 0x08, 0x00, 0xF8, 0x00, 0x08, 0xF8, 0x00, 0x03, 0x3C, 0x07, 0x00, 0x07, 0x3C, 0x03, 0x00, // W 55
  368              0x08, 0x18, 0x68, 0x80, 0x80, 0x68, 0x18, 0x08, 0x20, 0x30, 0x2C, 0x03, 0x03, 0x2C, 0x30, 0x20, // X 56
  369              0x08, 0x38, 0xC8, 0x00, 0xC8, 0x38, 0x08, 0x00, 0x00, 0x00, 0x20, 0x3F, 0x20, 0x00, 0x00, 0x00, // Y 57
  370              0x10, 0x08, 0x08, 0x08, 0xC8, 0x38, 0x08, 0x00, 0x20, 0x38, 0x26, 0x21, 0x20, 0x20, 0x18, 0x00, // Z 58
  371              0x00, 0x00, 0x00, 0xFE, 0x02, 0x02, 0x02, 0x00, 0x00, 0x00, 0x00, 0x7F, 0x40, 0x40, 0x40, 0x00, //[ 59
  372              0x00, 0x0C, 0x30, 0xC0, 0x00, 0x00, 0x00, 0x00, 0x00, 0x00, 0x00, 0x01, 0x06, 0x38, 0xC0, 0x00, //\ 60
  373              0x00, 0x02, 0x02, 0x02, 0xFE, 0x00, 0x00, 0x00, 0x00, 0x40, 0x40, 0x40, 0x7F, 0x00, 0x00, 0x00, //] 61
  374              0x00, 0x00, 0x04, 0x02, 0x02, 0x02, 0x04, 0x00, 0x00, 0x00, 0x00, 0x00, 0x00, 0x00, 0x00, 0x00, //^ 62
  375              0x00, 0x00, 0x00, 0x00, 0x00, 0x00, 0x00, 0x00, 0x80, 0x80, 0x80, 0x80, 0x80, 0x80, 0x80, 0x80, //_ 63
  376              0x00, 0x02, 0x02, 0x04, 0x00, 0x00, 0x00, 0x00, 0x00, 0x00, 0x00, 0x00, 0x00, 0x00, 0x00, 0x00, //` 64
  377              0x00, 0x00, 0x80, 0x80, 0x80, 0x80, 0x00, 0x00, 0x00, 0x19, 0x24, 0x22, 0x22, 0x22, 0x3F, 0x20, // a 65
  378              0x08, 0xF8, 0x00, 0x80, 0x80, 0x00, 0x00, 0x00, 0x00, 0x3F, 0x11, 0x20, 0x20, 0x11, 0x0E, 0x00, // b 66
  379              0x00, 0x00, 0x00, 0x80, 0x80, 0x80, 0x00, 0x00, 0x00, 0x0E, 0x11, 0x20, 0x20, 0x20, 0x11, 0x00, // c 67
  380              0x00, 0x00, 0x00, 0x80, 0x80, 0x88, 0xF8, 0x00, 0x00, 0x0E, 0x11, 0x20, 0x20, 0x10, 0x3F, 0x20, // d 68
  381              0x00, 0x00, 0x80, 0x80, 0x80, 0x80, 0x00, 0x00, 0x00, 0x1F, 0x22, 0x22, 0x22, 0x22, 0x13, 0x00, // e 69
  382              0x00, 0x80, 0x80, 0xF0, 0x88, 0x88, 0x88, 0x18, 0x00, 0x20, 0x20, 0x3F, 0x20, 0x20, 0x00, 0x00, // f 70
  383              0x00, 0x00, 0x80, 0x80, 0x80, 0x80, 0x80, 0x00, 0x00, 0x6B, 0x94, 0x94, 0x94, 0x93, 0x60, 0x00, // g 71
  384              0x08, 0xF8, 0x00, 0x80, 0x80, 0x80, 0x00, 0x00, 0x20, 0x3F, 0x21, 0x00, 0x00, 0x20, 0x3F, 0x20, // h 72
  385              0x00, 0x80, 0x98, 0x98, 0x00, 0x00, 0x00, 0x00, 0x00, 0x20, 0x20, 0x3F, 0x20, 0x20, 0x00, 0x00, // i 73
  386              0x00, 0x00, 0x00, 0x80, 0x98, 0x98, 0x00, 0x00, 0x00, 0xC0, 0x80, 0x80, 0x80, 0x7F, 0x00, 0x00, // j 74
  387              0x08, 0xF8, 0x00, 0x00, 0x80, 0x80, 0x80, 0x00, 0x20, 0x3F, 0x24, 0x02, 0x2D, 0x30, 0x20, 0x00, // k 75
  388              0x00, 0x08, 0x08, 0xF8, 0x00, 0x00, 0x00, 0x00, 0x00, 0x20, 0x20, 0x3F, 0x20, 0x20, 0x00, 0x00, // l 76
  389              0x80, 0x80, 0x80, 0x80, 0x80, 0x80, 0x80, 0x00, 0x20, 0x3F, 0x20, 0x00, 0x3F, 0x20, 0x00, 0x3F, // m 77
  390              0x80, 0x80, 0x00, 0x80, 0x80, 0x80, 0x00, 0x00, 0x20, 0x3F, 0x21, 0x00, 0x00, 0x20, 0x3F, 0x20, // n 78
  391              0x00, 0x00, 0x80, 0x80, 0x80, 0x80, 0x00, 0x00, 0x00, 0x1F, 0x20, 0x20, 0x20, 0x20, 0x1F, 0x00, // o 79
  392              0x80, 0x80, 0x00, 0x80, 0x80, 0x00, 0x00, 0x00, 0x80, 0xFF, 0xA1, 0x20, 0x20, 0x11, 0x0E, 0x00, // p 80
  393              0x00, 0x00, 0x00, 0x80, 0x80, 0x80, 0x80, 0x00, 0x00, 0x0E, 0x11, 0x20, 0x20, 0xA0, 0xFF, 0x80, // q 81
  394              0x80, 0x80, 0x80, 0x00, 0x80, 0x80, 0x80, 0x00, 0x20, 0x20, 0x3F, 0x21, 0x20, 0x00, 0x01, 0x00, // r 82
  395              0x00, 0x00, 0x80, 0x80, 0x80, 0x80, 0x80, 0x00, 0x00, 0x33, 0x24, 0x24, 0x24, 0x24, 0x19, 0x00, // s 83
  396              0x00, 0x80, 0x80, 0xE0, 0x80, 0x80, 0x00, 0x00, 0x00, 0x00, 0x00, 0x1F, 0x20, 0x20, 0x00, 0x00, // t 84
  397              0x80, 0x80, 0x00, 0x00, 0x00, 0x80, 0x80, 0x00, 0x00, 0x1F, 0x20, 0x20, 0x20, 0x10, 0x3F, 0x20, // u 85
  398              0x80, 0x80, 0x80, 0x00, 0x00, 0x80, 0x80, 0x80, 0x00, 0x01, 0x0E, 0x30, 0x08, 0x06, 0x01, 0x00, // v 86
  399              0x80, 0x80, 0x00, 0x80, 0x00, 0x80, 0x80, 0x80, 0x0F, 0x30, 0x0C, 0x03, 0x0C, 0x30, 0x0F, 0x00, // w 87
  400              0x00, 0x80, 0x80, 0x00, 0x80, 0x80, 0x80, 0x00, 0x00, 0x20, 0x31, 0x2E, 0x0E, 0x31, 0x20, 0x00, // x 88
  401              0x80, 0x80, 0x80, 0x00, 0x00, 0x80, 0x80, 0x80, 0x80, 0x81, 0x8E, 0x70, 0x18, 0x06, 0x01, 0x00, // y 89
  402              0x00, 0x80, 0x80, 0x80, 0x80, 0x80, 0x80, 0x00, 0x00, 0x21, 0x30, 0x2C, 0x22, 0x21, 0x30, 0x00, // z 90
  403              0x00, 0x00, 0x00, 0x00, 0x80, 0x7C, 0x02, 0x02, 0x00, 0x00, 0x00, 0x00, 0x00, 0x3F, 0x40, 0x40, //{ 91
  404              0x00, 0x00, 0x00, 0x00, 0xFF, 0x00, 0x00, 0x00, 0x00, 0x00, 0x00, 0x00, 0xFF, 0x00, 0x00, 0x00, //| 92
  405              0x00, 0x02, 0x02, 0x7C, 0x80, 0x00, 0x00, 0x00, 0x00, 0x40, 0x40, 0x3F, 0x00, 0x00, 0x00, 0x00, //} 93
  406              0x00, 0x06, 0x01, 0x01, 0x02, 0x02, 0x04, 0x04, 0x00, 0x00, 0x00, 0x00, 0x00, 0x00, 0x00, 0x00, //~ 94
  407          
  408          };


Module Information          Static   Overlayable
------------------------------------------------
  code size            =      3592     ------
  ecode size           =    ------     ------
  data size            =    ------     ------
  idata size           =    ------     ------
  pdata size           =    ------     ------
  xdata size           =    ------     ------
  xdata-const size     =    ------     ------
  edata size           =    ------     ------
  bit size             =    ------     ------
  ebit size            =    ------     ------
C251 COMPILER V5.60.0,  SEEKFREE_FONT                                                      14/06/24  16:35:48  PAGE 9   

  bitaddressable size  =    ------     ------
  ebitaddressable size =    ------     ------
  far data size        =    ------     ------
  huge data size       =    ------     ------
  const size           =    ------     ------
  hconst size          =    ------     ------
End of Module Information.


C251 COMPILATION COMPLETE.  0 WARNING(S),  0 ERROR(S)
