C251 COMPILER V5.60.0,  SEEKFREE_VIRSCO                                                    14/06/24  16:35:49  PAGE 1   


C251 COMPILER V5.60.0, COMPILATION OF MODULE SEEKFREE_VIRSCO
OBJECT MODULE PLACED IN .\Out_File\SEEKFREE_VIRSCO.obj
COMPILER INVOKED BY: D:\Keil_v5\C251\BIN\C251.EXE ..\..\Libraries\seekfree_peripheral\SEEKFREE_VIRSCO.c XSMALL INTR2 WAR
                    -NINGLEVEL(0) BROWSE INCDIR(..\..\Libraries\libraries;..\..\Libraries\seekfree_libraries;..\..\Libraries\seekfree_periphe
                    -ral;..\CODE;..\USER\inc;..\USER\src) DEBUG PRINT(.\Out_File\SEEKFREE_VIRSCO.lst) TABS(2) OBJECT(.\Out_File\SEEKFREE_VIRS
                    -CO.obj) 

stmt  level    source

    1          /********************************************************************************************************
             -*************
    2           * COPYRIGHT NOTICE
    3           * Copyright (c) 2018,é€é£ç§‘æŠ€
    4           * All rights reserved.
    5           * æŠ€æœ¯è®¨è®ºQQç¾¤ï¼šä¸€ç¾¤ï¼š179029047(å·²æ»¡)  äºŒç¾¤ï¼š244861897
    6           *
    7           * ä»¥ä¸‹æ‰€æœ‰å†…å®¹ç‰ˆæƒå‡å±é€é£ç§‘æŠ€æ‰€æœ‰ï¼Œæœªç»å…è®¸ä¸å¾—ç”¨äºå•†ä¸šç”¨é€”ï¼Œ
    8           * æ¬¢è¿å„ä½ä½¿ç”¨å¹¶ä¼ æ’­æœ¬ç¨‹åºï¼Œä¿®æ”¹å†…å®¹æ—¶å¿…é¡»ä¿ç•™é€é£ç§‘æŠ€çš„ç‰ˆæƒå£°æ˜ã€‚
    9           *
   10           * @file          è™šæ‹Ÿç¤ºæ³¢å™¨åè®®
   11           * @company       æˆéƒ½é€é£ç§‘æŠ€æœ‰é™å…¬å¸
   12           * @author        é€é£ç§‘æŠ€(QQ3184284598)
   13           * @version       æŸ¥çœ‹docå†…versionæ–‡ä»¶ ç‰ˆæœ¬è¯´æ˜
   14           * @Software    MDK FOR C251 V5.60
   15           * @Taobao      https://seekfree.taobao.com/
   16           * @date          2019-04-30
   17           * @note        ç¤ºæ³¢å™¨ä¸‹è½½åœ°å€ï¼šhttps://pan.baidu.com/s/198CMXTZsbI3HAEqNXDngBwï¼ˆåŒ…å«æ¸…åç›´ç«
             -‹æ–¹æ¡ˆèµ„æ–™ï¼‰
   18           ********************************************************************************************************
             -************/
   19          
   20          #include "zf_uart.h"
   21          #include "SEEKFREE_WIRELESS.h"
   22          #include "SEEKFREE_VIRSCO.h"
   23          
   24          uint8 virtual_scope_data[10];
   25          
   26          //-------------------------------------------------------------------------------------------------------
             -------------
   27          //  @brief      CRCæ ¡éªŒï¼ˆå†…éƒ¨ä½¿ç”¨ï¼Œç”¨æˆ·æ— éœ€å…³å¿ƒï¼‰
   28          //  @param      Buf             éœ€è¦è¿›è¡ŒCRCè®¡ç®—çš„æ•°æ®åœ°å€
   29          //  @param      CRC_CNT         éœ€è¦è¿›è¡ŒCRCè®¡ç®—çš„æ•°æ®ä¸ªæ•°
   30          //  @return     void
   31          //  @since      v1.0
   32          //  Sample usage:
   33          //-------------------------------------------------------------------------------------------------------
             -------------
   34          uint16 CRC_CHECK(uint8 *Buf, uint8 CRC_CNT)
   35          {
   36   1          uint16 CRC_Temp;
   37   1          uint8 i, j;
   38   1          CRC_Temp = 0xffff;
   39   1      
   40   1          for (i = 0; i < CRC_CNT; i++)
   41   1          {
   42   2              CRC_Temp ^= Buf[i];
   43   2              for (j = 0; j < 8; j++)
   44   2              {
   45   3                  if (CRC_Temp & 0x01)
   46   3                      CRC_Temp = (CRC_Temp >> 1) ^ 0xa001;
   47   3                  else
   48   3                      CRC_Temp = CRC_Temp >> 1;
   49   3              }
   50   2          }
   51   1          return (CRC_Temp);
C251 COMPILER V5.60.0,  SEEKFREE_VIRSCO                                                    14/06/24  16:35:49  PAGE 2   

   52   1      }
   53          
   54          //-------------------------------------------------------------------------------------------------------
             -------------
   55          //  @brief      è™šæ‹Ÿç¤ºæ³¢å™¨æ•°æ®è½¬æ¢å‡½æ•°
   56          //  @param      data1       è¦å‘é€çš„ç¬¬ä¸€ä¸ªæ•°æ®
   57          //  @param      data2       è¦å‘é€çš„ç¬¬äºŒä¸ªæ•°æ®
   58          //  @param      data3       è¦å‘é€çš„ç¬¬ä¸‰ä¸ªæ•°æ®
   59          //  @param      data4       è¦å‘é€çš„ç¬¬å››ä¸ªæ•°æ®
   60          //  @param      *dat        è½¬æ¢ä¹‹åå­˜æ”¾æ•°æ®çš„åœ°å€
   61          //  @return     void
   62          //  @since      v1.0
   63          //  Sample usage:
   64          //-------------------------------------------------------------------------------------------------------
             -------------
   65          void data_conversion(int16 data1, int16 data2, int16 data3, int16 data4, uint8 *dat)
   66          {
   67   1          uint16 CRC16;
   68   1      
   69   1          dat[0] = (uint8)((uint16)data1 & 0xff);
   70   1          dat[1] = (uint8)((uint16)data1 >> 8);
   71   1      
   72   1          dat[2] = (uint8)((uint16)data2 & 0xff);
   73   1          dat[3] = (uint8)((uint16)data2 >> 8);
   74   1      
   75   1          dat[4] = (uint8)((uint16)data3 & 0xff);
   76   1          dat[5] = (uint8)((uint16)data3 >> 8);
   77   1      
   78   1          dat[6] = (uint8)((uint16)data4 & 0xff);
   79   1          dat[7] = (uint8)((uint16)data4 >> 8);
   80   1      
   81   1          CRC16 = CRC_CHECK(dat, 8);
   82   1          dat[8] = (uint8)(CRC16 & 0xff);
   83   1          dat[9] = (uint8)(CRC16 >> 8);
   84   1      
   85   1          uart_putbuff(UART_4,dat,10);  //æ•°æ®è½¬æ¢å®Œæˆåï¼Œä½¿ç”¨ä¸²å£å‘é€å°†æ•°ç»„çš„å†…å®¹å‘é€å‡º
             -å»
   86   1      }


Module Information          Static   Overlayable
------------------------------------------------
  code size            =       177     ------
  ecode size           =    ------     ------
  data size            =    ------     ------
  idata size           =    ------     ------
  pdata size           =    ------     ------
  xdata size           =    ------     ------
  xdata-const size     =    ------     ------
  edata size           =        10          4
  bit size             =    ------     ------
  ebit size            =    ------     ------
  bitaddressable size  =    ------     ------
  ebitaddressable size =    ------     ------
  far data size        =    ------     ------
  huge data size       =    ------     ------
  const size           =    ------     ------
  hconst size          =    ------     ------
End of Module Information.


C251 COMPILATION COMPLETE.  0 WARNING(S),  0 ERROR(S)
