C251 COMPILER V5.60.0,  SEEKFREE_IIC                                                       14/06/24  16:35:48  PAGE 1   


C251 COMPILER V5.60.0, COMPILATION OF MODULE SEEKFREE_IIC
OBJECT MODULE PLACED IN .\Out_File\SEEKFREE_IIC.obj
COMPILER INVOKED BY: D:\Keil_v5\C251\BIN\C251.EXE ..\..\Libraries\seekfree_peripheral\SEEKFREE_IIC.c XSMALL INTR2 WARNIN
                    -GLEVEL(0) BROWSE INCDIR(..\..\Libraries\libraries;..\..\Libraries\seekfree_libraries;..\..\Libraries\seekfree_peripheral
                    -;..\CODE;..\USER\inc;..\USER\src) DEBUG PRINT(.\Out_File\SEEKFREE_IIC.lst) TABS(2) OBJECT(.\Out_File\SEEKFREE_IIC.obj) 

stmt  level    source

    1          /********************************************************************************************************
             -*************
    2           * COPYRIGHT NOTICE
    3           * Copyright (c) 2018,逐飞科技
    4           * All rights reserved.
    5           * 技术讨论QQ群：179029047
    6           *
    7           * 以下所有内容版权均属逐飞科技所有，未经允许不得用于商业用途，
    8           * 欢迎各位使用并传播本程序，修改内容时必须保留逐飞科技的版权声明。
    9           *
   10           * @file          模拟IIC
   11           * @company       成都逐飞科技有限公司
   12           * @author        逐飞科技(QQ3184284598)
   13           * @version       查看common.h内VERSION宏定义
   14           * @Software    MDK FOR C251 V5.60
   15           * @Target core   LPC54606J512BD100
   16           * @Taobao      https://seekfree.taobao.com/
   17           * @date          2018-05-24
   18           * @note
   19                              接线定义：
   20                              ------------------------------------
   21                                  SCL                 查看SEEKFREE_IIC文件内的SEEKFREE_SCL宏定义
   22                                  SDA                 查看SEEKFREE_IIC文件内的SEEKFREE_SDA宏定义
   23                              ------------------------------------
   24           ********************************************************************************************************
             -************/
   25          
   26          #include "SEEKFREE_IIC.h"
   27          
   28          #define SDA SIMIIC_SDA_PIN
   29          #define SDA0() SIMIIC_SDA_PIN = 0 // IO口输出低电平
   30          #define SDA1() SIMIIC_SDA_PIN = 1 // IO口输出高电平
   31          #define SCL0() SIMIIC_SCL_PIN = 0 // IO口输出低电平
   32          #define SCL1() SIMIIC_SCL_PIN = 1 // IO口输出高电平
   33          
   34          //内部数据定义
   35          uint8 IIC_ad_main; //器件从地址
   36          uint8 IIC_ad_sub;  //器件子地址
   37          uint8 *IIC_buf;    //发送|接收数据缓冲区
   38          uint8 IIC_num;     //发送|接收数据个数
   39          
   40          #define ack 1    //主应答
   41          #define no_ack 0 //从应答
   42          
   43          //-------------------------------------------------------------------------------------------------------
             -------------
   44          //  @brief      模拟IIC初始化
   45          //  @return     void
   46          //  @since      v1.0
   47          //  Sample usage:
   48          //-------------------------------------------------------------------------------------------------------
             -------------
   49          void simiic_init(void)
   50          {
   51   1          // GPIO已在board_init()中初始化。
   52   1      }
   53          
C251 COMPILER V5.60.0,  SEEKFREE_IIC                                                       14/06/24  16:35:48  PAGE 2   

   54          //-------------------------------------------------------------------------------------------------------
             -------------
   55          //  @brief      模拟IIC延时
   56          //  @return     void
   57          //  @since      v1.0
   58          //  Sample usage:       如果IIC通讯失败可以尝试增加j的值
   59          //-------------------------------------------------------------------------------------------------------
             -------------
   60          void simiic_delay(void)
   61          {
   62   1          uint16 j = 0;
   63   1          while (j--)
   64   1              ;
   65   1      }
   66          
   67          //内部使用，用户无需调用
   68          void simiic_start(void)
   69          {
   70   1          SDA1();
   71   1          SCL1();
   72   1          simiic_delay();
   73   1          SDA0();
   74   1          simiic_delay();
   75   1          SCL0();
   76   1      }
   77          
   78          //内部使用，用户无需调用
   79          void simiic_stop(void)
   80          {
   81   1          SDA0();
   82   1          SCL0();
   83   1          simiic_delay();
   84   1          SCL1();
   85   1          simiic_delay();
   86   1          SDA1();
   87   1          simiic_delay();
   88   1      }
   89          
   90          //主应答(包含ack:SDA=0和no_ack:SDA=0)
   91          //内部使用，用户无需调用
   92          void simiic_sendack(unsigned char ack_dat)
   93          {
   94   1          SCL0();
   95   1          simiic_delay();
   96   1          if (ack_dat)
   97   1              SDA0();
   98   1          else
   99   1              SDA1();
  100   1      
  101   1          SCL1();
  102   1          simiic_delay();
  103   1          SCL0();
  104   1          simiic_delay();
  105   1      }
  106          
  107          static int sccb_waitack(void)
  108          {
  109   1          SCL0();
  110   1      
  111   1          simiic_delay();
  112   1      
  113   1          SCL1();
  114   1          simiic_delay();
  115   1      
  116   1          if (SDA) //应答为高电平，异常，通信失败
  117   1          {
C251 COMPILER V5.60.0,  SEEKFREE_IIC                                                       14/06/24  16:35:48  PAGE 3   

  118   2      
  119   2              SCL0();
  120   2              return 0;
  121   2          }
  122   1      
  123   1          SCL0();
  124   1          simiic_delay();
  125   1          return 1;
  126   1      }
  127          
  128          //字节发送程序
  129          //发送c(可以是数据也可是地址)，送完后接收从应答
  130          //不考虑从应答位
  131          //内部使用，用户无需调用
  132          void send_ch(uint8 c)
  133          {
  134   1          uint8 i = 8;
  135   1          while (i--)
  136   1          {
  137   2              if (c & 0x80)
  138   2                  SDA1(); // SDA 输出数据
  139   2              else
  140   2                  SDA0();
  141   2              c <<= 1;
  142   2              simiic_delay();
  143   2              SCL1(); // SCL 拉高，采集信号
  144   2              simiic_delay();
  145   2              SCL0(); // SCL 时钟线拉低
  146   2          }
  147   1          sccb_waitack();
  148   1      }
  149          
  150          //字节接收程序
  151          //接收器件传来的数据，此程序应配合|主应答函数|使用
  152          //内部使用，用户无需调用
  153          uint8 read_ch(uint8 ack_x)
  154          {
  155   1          uint8 i;
  156   1          uint8 c;
  157   1          c = 0;
  158   1          SCL0();
  159   1          simiic_delay();
  160   1          SDA1();
  161   1      
  162   1          for (i = 0; i < 8; i++)
  163   1          {
  164   2              simiic_delay();
  165   2              SCL0(); //置时钟线为低，准备接收数据位
  166   2              simiic_delay();
  167   2              SCL1(); //置时钟线为高，使数据线上数据有效
  168   2              simiic_delay();
  169   2              c <<= 1;
  170   2              if (SDA)
  171   2              {
  172   3                  c += 1; //读数据位，将接收的数据存c
  173   3              }
  174   2          }
  175   1      
  176   1          SCL0();
  177   1          simiic_delay();
  178   1          simiic_sendack(ack_x);
  179   1      
  180   1          return c;
  181   1      }
  182          
  183          //-------------------------------------------------------------------------------------------------------
C251 COMPILER V5.60.0,  SEEKFREE_IIC                                                       14/06/24  16:35:48  PAGE 4   

             -------------
  184          //  @brief      模拟IIC写数据到设备寄存器函数
  185          //  @param      dev_add     设备地址(低七位地址)
  186          //  @param      reg       寄存器地址
  187          //  @param      dat       写入的数据
  188          //  @return     void
  189          //  @since      v1.0
  190          //  Sample usage:
  191          //-------------------------------------------------------------------------------------------------------
             -------------
  192          void simiic_write_reg(uint8 dev_add, uint8 reg, uint8 dat)
  193          {
  194   1          simiic_start();
  195   1          send_ch((dev_add << 1) | 0x00); //发送器件地址加写位
  196   1          send_ch(reg);                   //发送从机寄存器地址
  197   1          send_ch(dat);                   //发送需要写入的数据
  198   1          simiic_stop();
  199   1      }
  200          
  201          //-------------------------------------------------------------------------------------------------------
             -------------
  202          //  @brief      模拟IIC从设备寄存器读取数据
  203          //  @param      dev_add     设备地址(低七位地址)
  204          //  @param      reg       寄存器地址
  205          //  @param      type      选择通信方式是IIC  还是 SCCB
  206          //  @return     uint8     返回寄存器的数据
  207          //  @since      v1.0
  208          //  Sample usage:
  209          //-------------------------------------------------------------------------------------------------------
             -------------
  210          uint8 simiic_read_reg(uint8 dev_add, uint8 reg, IIC_type type)
  211          {
  212   1          uint8 dat;
  213   1          simiic_start();
  214   1          send_ch((dev_add << 1) | 0x00); //发送器件地址加写位
  215   1          send_ch(reg);                   //发送从机寄存器地址
  216   1          if (type == SCCB)
  217   1              simiic_stop();
  218   1      
  219   1          simiic_start();
  220   1          send_ch((dev_add << 1) | 0x01); //发送器件地址加读位
  221   1          dat = read_ch(no_ack);          //读取数据
  222   1          simiic_stop();
  223   1      
  224   1          return dat;
  225   1      }
  226          
  227          //-------------------------------------------------------------------------------------------------------
             -------------
  228          //  @brief      模拟IIC读取多字节数据
  229          //  @param      dev_add     设备地址(低七位地址)
  230          //  @param      reg       寄存器地址
  231          //  @param      dat_add     数据保存的地址指针
  232          //  @param      num       读取字节数量
  233          //  @param      type      选择通信方式是IIC  还是 SCCB
  234          //  @return     uint8     返回寄存器的数据
  235          //  @since      v1.0
  236          //  Sample usage:
  237          //-------------------------------------------------------------------------------------------------------
             -------------
  238          void simiic_read_regs(uint8 dev_add, uint8 reg, uint8 *dat_add, uint8 num, IIC_type type)
  239          {
  240   1          simiic_start();
  241   1          send_ch((dev_add << 1) | 0x00); //发送器件地址加写位
  242   1          send_ch(reg);                   //发送从机寄存器地址
  243   1          if (type == SCCB)
C251 COMPILER V5.60.0,  SEEKFREE_IIC                                                       14/06/24  16:35:48  PAGE 5   

  244   1              simiic_stop();
  245   1      
  246   1          simiic_start();
  247   1          send_ch((dev_add << 1) | 0x01); //发送器件地址加读位
  248   1          while (--num)
  249   1          {
  250   2              *dat_add = read_ch(ack); //读取数据
  251   2              dat_add++;
  252   2          }
  253   1          *dat_add = read_ch(no_ack); //读取数据
  254   1          simiic_stop();
  255   1      }


Module Information          Static   Overlayable
------------------------------------------------
  code size            =       397     ------
  ecode size           =    ------     ------
  data size            =    ------     ------
  idata size           =    ------     ------
  pdata size           =    ------     ------
  xdata size           =    ------     ------
  xdata-const size     =    ------     ------
  edata size           =         7          5
  bit size             =    ------     ------
  ebit size            =    ------     ------
  bitaddressable size  =    ------     ------
  ebitaddressable size =    ------     ------
  far data size        =    ------     ------
  huge data size       =    ------     ------
  const size           =    ------     ------
  hconst size          =    ------     ------
End of Module Information.


C251 COMPILATION COMPLETE.  0 WARNING(S),  0 ERROR(S)
