C251 COMPILER V5.60.0,  SEEKFREE_WIRELESS                                                  14/06/24  16:35:49  PAGE 1   


C251 COMPILER V5.60.0, COMPILATION OF MODULE SEEKFREE_WIRELESS
OBJECT MODULE PLACED IN .\Out_File\SEEKFREE_WIRELESS.obj
COMPILER INVOKED BY: D:\Keil_v5\C251\BIN\C251.EXE ..\..\Libraries\seekfree_peripheral\SEEKFREE_WIRELESS.c XSMALL INTR2 W
                    -ARNINGLEVEL(0) BROWSE INCDIR(..\..\Libraries\libraries;..\..\Libraries\seekfree_libraries;..\..\Libraries\seekfree_perip
                    -heral;..\CODE;..\USER\inc;..\USER\src) DEBUG PRINT(.\Out_File\SEEKFREE_WIRELESS.lst) TABS(2) OBJECT(.\Out_File\SEEKFREE_
                    -WIRELESS.obj) 

stmt  level    source

    1          /********************************************************************************************************
             -*************
    2           * COPYRIGHT NOTICE
    3           * Copyright (c) 2018,逐飞科技
    4           * All rights reserved.
    5           * 技术讨论QQ群：一群：179029047(已满)  二群：244861897
    6           *
    7           * 以下所有内容版权均属逐飞科技所有，未经允许不得用于商业用途，
    8           * 欢迎各位使用并传播本程序，修改内容时必须保留逐飞科技的版权声明。
    9           *
   10           * @file          逐飞科技无线转串口模块
   11           * @company       成都逐飞科技有限公司
   12           * @author        逐飞科技(QQ3184284598)
   13           * @version       查看doc内version文件 版本说明
   14           * @Software    MDK FOR C251 V5.60
   15           * @Taobao      https://seekfree.taobao.com/
   16           * @date          2019-03-27
   17           * @note
   18                              接线定义：
   19                              ------------------------------------
   20                                  无线转串口       单片机
   21                                  RX              查看SEEKFREE_WIRELESS.h文件中的WIRELESS_UART_TX宏定义
   22                                  TX              查看SEEKFREE_WIRELESS.h文件中的WIRELESS_UART_RX宏定义
   23                                  RTS             查看SEEKFREE_WIRELESS.h文件中的RTS_PIN宏定义
   24                                  CMD             查看SEEKFREE_WIRELESS.h文件中的CMD_PIN宏定义
   25                              ------------------------------------
   26           ********************************************************************************************************
             -************/
   27          
   28          #include "SEEKFREE_WIRELESS.h"
   29          #include "zf_uart.h"
   30          
   31          //-------------------------------------------------------------------------------------------------------
             -------------
   32          //  @brief      无线转串口模块回调函数
   33          //  @param      NULL
   34          //  @return     void
   35          //  @since      v1.0
   36          //  Sample usage:
   37          //  @note
   38          //-------------------------------------------------------------------------------------------------------
             -------------
   39          void wireless_uart_callback(void)
   40          {
   41   1          uint8 wireless_rx_buffer = WIRELESS_DATA_BUF;
   42   1          //接到一个字节后单片机将会进入串口中断，通过在此处读取wireless_rx_buffer可
             -以取走数据
   43   1      }
   44          
   45          //-------------------------------------------------------------------------------------------------------
             -------------
   46          //  @brief      无线转串口模块初始化
   47          //  @param      NULL
   48          //  @return     void
   49          //  @since      v1.0
   50          //  Sample usage:
C251 COMPILER V5.60.0,  SEEKFREE_WIRELESS                                                  14/06/24  16:35:49  PAGE 2   

   51          //  @note
   52          //-------------------------------------------------------------------------------------------------------
             -------------
   53          void seekfree_wireless_init(void)
   54          {
   55   1          wireless_type = WIRELESS_CH9141;
   56   1          //本函数使用的波特率为115200，为无线转串口模块的默认波特率，如需其他波
             -特率请自行配置模块并修改串口的波特率
   57   1      
   58   1          uart_init(WIRELESS_UART, WIRELESS_UART_RX_PIN, WIRELESS_UART_TX_PIN, WIRELESS_UART_BAUD, WIRELESS_TIM
             -ER_N); //初始化串口
   59   1      }
   60          
   61          //-------------------------------------------------------------------------------------------------------
             -------------
   62          //  @brief      无线转串口模块 发送函数
   63          //  @param      buff        需要发送的数据地址
   64          //  @param      len         发送长度
   65          //  @return     uint32      剩余未发送的字节数
   66          //  @since      v1.0
   67          //  Sample usage:
   68          //  @note
   69          //-------------------------------------------------------------------------------------------------------
             -------------
   70          uint32 seekfree_wireless_send_buff(uint8 *buff, uint16 len)
   71          {
   72   1          while (len > 30)
   73   1          {
   74   2              if (RTS_PIN == 1)
   75   2              {
   76   3                  return len; //模块忙,如果允许当前程序使用while等待 则可以使用后面注释
             -的while等待语句替换本if语句
   77   3              }
   78   2              // while(RTS_PIN);  //如果RTS为低电平，则继续发送数据
   79   2              uart_putbuff(WIRELESS_UART, buff, 30);
   80   2      
   81   2              buff += 30; //地址偏移
   82   2              len -= 30;  //数量
   83   2          }
   84   1      
   85   1          if (RTS_PIN == 1)
   86   1          {
   87   2              return len; //模块忙,如果允许当前程序使用while等待 则可以使用后面注释的w
             -hile等待语句替换本if语句
   88   2          }
   89   1          // while(RTS_PIN);  //如果RTS为低电平，则继续发送数据
   90   1          uart_putbuff(WIRELESS_UART, buff, len); //发送最后的数据
   91   1      
   92   1          return 0;
   93   1      }


Module Information          Static   Overlayable
------------------------------------------------
  code size            =       131     ------
  ecode size           =    ------     ------
  data size            =    ------     ------
  idata size           =    ------     ------
  pdata size           =    ------     ------
  xdata size           =    ------     ------
  xdata-const size     =    ------     ------
  edata size           =    ------          2
  bit size             =    ------     ------
  ebit size            =    ------     ------
  bitaddressable size  =    ------     ------
  ebitaddressable size =    ------     ------
  far data size        =    ------     ------
C251 COMPILER V5.60.0,  SEEKFREE_WIRELESS                                                  14/06/24  16:35:49  PAGE 3   

  huge data size       =    ------     ------
  const size           =    ------     ------
  hconst size          =    ------     ------
End of Module Information.


C251 COMPILATION COMPLETE.  0 WARNING(S),  0 ERROR(S)
