C251 COMPILER V5.60.0,  SEEKFREE_TSL1401                                                   14/06/24  16:35:49  PAGE 1   


C251 COMPILER V5.60.0, COMPILATION OF MODULE SEEKFREE_TSL1401
OBJECT MODULE PLACED IN .\Out_File\SEEKFREE_TSL1401.obj
COMPILER INVOKED BY: D:\Keil_v5\C251\BIN\C251.EXE ..\..\Libraries\seekfree_peripheral\SEEKFREE_TSL1401.c XSMALL INTR2 WA
                    -RNINGLEVEL(0) BROWSE INCDIR(..\..\Libraries\libraries;..\..\Libraries\seekfree_libraries;..\..\Libraries\seekfree_periph
                    -eral;..\CODE;..\USER\inc;..\USER\src) DEBUG PRINT(.\Out_File\SEEKFREE_TSL1401.lst) TABS(2) OBJECT(.\Out_File\SEEKFREE_TS
                    -L1401.obj) 

stmt  level    source

    1          /********************************************************************************************************
             -*************
    2           * COPYRIGHT NOTICE
    3           * Copyright (c) 2016,逐飞科技
    4           * All rights reserved.
    5           * 技术讨论QQ群：179029047
    6           *
    7           * 以下所有内容版权均属逐飞科技所有，未经允许不得用于商业用途，
    8           * 欢迎各位使用并传播本程序，修改内容时必须保留逐飞科技的版权声明。
    9           *
   10           * @file          SEEKFREE_TSL1401.c
   11           * @brief         红孩儿(线阵CCD)函数库
   12           * @company       成都逐飞科技有限公司
   13           * @author        Go For It(1325536866)
   14           * @version       v1.0
   15           * @Software    IAR 7.2 or MDK 5.17
   16           * @Target core   MK60DN512VLL10
   17           * @Taobao      https://seekfree.taobao.com/
   18           * @date          2016-02-25
   19           * @note
   20                    TSL1401接线定义：
   21                    ------------------------------------
   22                      模块管脚        单片机管脚
   23                      CCD_AO        查看SEEKFREE_TSL1401.h文件中的AD_CHANNEL 宏定义
   24                      CCD_CLK       查看SEEKFREE_TSL1401.h文件中的CCD_CLK_PIN宏定义
   25                      CCD_SI        查看SEEKFREE_TSL1401.h文件中的CCD_SI_PIN 宏定义
   26                    ------------------------------------
   27           ********************************************************************************************************
             -************/
   28          
   29          #include "SEEKFREE_TSL1401.h"
   30          #include "zf_adc.h"
   31          #include "zf_uart.h"
   32          #include "board.h"
   33          
   34          uint8 tsl1401_finish_flag;
   35          uint16 ccd_data[128]; // CCD数据
   36          
   37          //-------------------------------------------------------------------------------------------------------
             -------------
   38          //  @brief      TSL1401线阵CCD初始化
   39          //  @param      NULL
   40          //  @return     void
   41          //  @since      v1.0
   42          //  Sample usage:
   43          //-------------------------------------------------------------------------------------------------------
             -------------
   44          void ccd_init(void)
   45          {
   46   1        adc_init(AD_CHANNEL, 0X01);
   47   1        pit_timer_ms(TIM_4, 10);
   48   1      }
   49          
   50          //-------------------------------------------------------------------------------------------------------
             -------------
   51          //  @brief      TSL1401线阵CCD图像发送至上位机查看图像
C251 COMPILER V5.60.0,  SEEKFREE_TSL1401                                                   14/06/24  16:35:49  PAGE 2   

   52          //  @param      uart_n      串口号
   53          //  @param      uart_n      线性CCD数据指针
   54          //  @return     void
   55          //  @since      v1.0
   56          //  Sample usage:       调用该函数前请先初始化串口
   57          //-------------------------------------------------------------------------------------------------------
             -------------
   58          void ccd_send_data(UARTN_enum uart_n, uint16 *dat)
   59          {
   60   1        uint8 i = 0;
   61   1        uart_putchar(uart_n, 0x00);
   62   1        uart_putchar(uart_n, 0xff);
   63   1        uart_putchar(uart_n, 0x01);
   64   1        uart_putchar(uart_n, 0x00);
   65   1      
   66   1        for (i = 0; i < 128; i++)
   67   1        {
   68   2          uart_putchar(uart_n, (uint8)(dat[i] >> 8));   //发送高8位
   69   2          uart_putchar(uart_n, (uint8)(dat[i] & 0XFF)); //发送高低8位
   70   2        }
   71   1      }
   72          
   73          //-------------------------------------------------------------------------------------------------------
             -------------
   74          //  @brief      TSL1401线阵CCD数据采集
   75          //  @param      NULL
   76          //  @return     void
   77          //  @since      v1.0
   78          //  Sample usage:       在isr.c里面先创建对应的中断函数，然后调用该函数(之后别忘记
             -清除中断标志位)
   79          //-------------------------------------------------------------------------------------------------------
             -------------
   80          void ccd_collect(void)
   81          {
   82   1        uint8 i = 0;
   83   1      
   84   1        CCD_CLK(1);
   85   1        CCD_SI(0);
   86   1        CCD_CLK(0);
   87   1        CCD_SI(1);
   88   1        CCD_CLK(1);
   89   1        CCD_SI(0);
   90   1      
   91   1        for (i = 0; i < 128; i++)
   92   1        {
   93   2          CCD_CLK(0);
   94   2          ccd_data[i] = adc_once(AD_CHANNEL, AD_RESOLUTION);
   95   2          CCD_CLK(1);
   96   2        }
   97   1        tsl1401_finish_flag = 1;
   98   1      }


Module Information          Static   Overlayable
------------------------------------------------
  code size            =       187     ------
  ecode size           =    ------     ------
  data size            =    ------     ------
  idata size           =    ------     ------
  pdata size           =    ------     ------
  xdata size           =    ------     ------
  xdata-const size     =    ------     ------
  edata size           =       257          3
  bit size             =    ------     ------
  ebit size            =    ------     ------
  bitaddressable size  =    ------     ------
  ebitaddressable size =    ------     ------
C251 COMPILER V5.60.0,  SEEKFREE_TSL1401                                                   14/06/24  16:35:49  PAGE 3   

  far data size        =    ------     ------
  huge data size       =    ------     ------
  const size           =    ------     ------
  hconst size          =    ------     ------
End of Module Information.


C251 COMPILATION COMPLETE.  0 WARNING(S),  0 ERROR(S)
