C251 COMPILER V5.60.0,  SEEKFREE_AT24C02                                                   14/06/24  16:35:49  PAGE 1   


C251 COMPILER V5.60.0, COMPILATION OF MODULE SEEKFREE_AT24C02
OBJECT MODULE PLACED IN .\Out_File\SEEKFREE_AT24C02.obj
COMPILER INVOKED BY: D:\Keil_v5\C251\BIN\C251.EXE ..\..\Libraries\seekfree_peripheral\SEEKFREE_AT24C02.c XSMALL INTR2 WA
                    -RNINGLEVEL(0) BROWSE INCDIR(..\..\Libraries\libraries;..\..\Libraries\seekfree_libraries;..\..\Libraries\seekfree_periph
                    -eral;..\CODE;..\USER\inc;..\USER\src) DEBUG PRINT(.\Out_File\SEEKFREE_AT24C02.lst) TABS(2) OBJECT(.\Out_File\SEEKFREE_AT
                    -24C02.obj) 

stmt  level    source

    1          /********************************************************************************************************
             -*************
    2           * COPYRIGHT NOTICE
    3           * Copyright (c) 2018,逐飞科技
    4           * All rights reserved.
    5           * 技术讨论QQ群：一群：179029047(已满)  二群：244861897
    6           *
    7           * 以下所有内容版权均属逐飞科技所有，未经允许不得用于商业用途，
    8           * 欢迎各位使用并传播本程序，修改内容时必须保留逐飞科技的版权声明。
    9           *
   10           * @file          虚拟示波器协议
   11           * @company       成都逐飞科技有限公司
   12           * @author        逐飞科技(QQ3184284598)
   13           * @version       查看doc内version文件 版本说明
   14           * @Software    MDK FOR C251 V5.60
   15           * @Taobao      https://seekfree.taobao.com/
   16           * @date          2019-04-30
   17           * @note
   18           ********************************************************************************************************
             -************/
   19          #include "zf_delay.h"
   20          #include "SEEKFREE_IIC.h"
   21          #include "SEEKFREE_AT24C02.h"
   22          
   23          #pragma warning disable = 173
   24          
   25          //-------------------------------------------------------------------------------------------------------
             -------------
   26          //  @brief      at24c02写一个字节
   27          //  @param      byte_reg  at24c02地址(0-255)
   28          //  @param      dat     需要写入的数据
   29          //  @return     void
   30          //  @since      v1.0
   31          //  Sample usage:
   32          //  @note
   33          //-------------------------------------------------------------------------------------------------------
             -------------
   34          void at24c02_write_byte(uint8 byte_reg, uint8 dat)
   35          {
   36   1        delay_ms(6);
   37   1        simiic_write_reg(AT24C02_DEV_ADDR, byte_reg, dat);
   38   1      }
   39          
   40          //-------------------------------------------------------------------------------------------------------
             -------------
   41          //  @brief      at24c02读一个字节
   42          //  @param      byte_reg  at24c02地址(0-255)
   43          //  @return     uint8   返回读取到的字节数
   44          //  @since      v1.0
   45          //  Sample usage:
   46          //  @note
   47          //-------------------------------------------------------------------------------------------------------
             -------------
   48          uint8 at24c02_read_byte(uint8 byte_reg)
   49          {
   50   1        delay_ms(6);
C251 COMPILER V5.60.0,  SEEKFREE_AT24C02                                                   14/06/24  16:35:49  PAGE 2   

   51   1        return simiic_read_reg(AT24C02_DEV_ADDR, byte_reg, SIMIIC);
   52   1      }
   53          
   54          //-------------------------------------------------------------------------------------------------------
             -------------
   55          //  @brief      at24c02写多个字节
   56          //  @param      byte_reg  at24c02起始地址(0-255)
   57          //  @param      dat_add   需要写入的数据指针
   58          //  @param      num     需要写入多少个数据
   59          //  @return     void
   60          //  @since      v1.0
   61          //  Sample usage:
   62          //  @note
   63          //-------------------------------------------------------------------------------------------------------
             -------------
   64          void at24c02_write_bytes(uint8 byte_reg, uint8 *dat_add, uint8 num)
   65          {
   66   1        delay_ms(6);
   67   1        simiic_start();
   68   1        send_ch((AT24C02_DEV_ADDR << 1) | 0x00);
   69   1        send_ch(byte_reg);
   70   1      
   71   1        while (--num)
   72   1        {
   73   2          send_ch(*dat_add++);
   74   2          byte_reg++;
   75   2          if ((byte_reg % 8) == 0)
   76   2          {
   77   3            simiic_stop();
   78   3            delay_ms(6);
   79   3            simiic_start();
   80   3            send_ch((AT24C02_DEV_ADDR << 1) | 0x00);
   81   3            send_ch(byte_reg);
   82   3          }
   83   2        }
   84   1        send_ch(*dat_add++);
   85   1        simiic_stop();
   86   1      }
   87          
   88          //-------------------------------------------------------------------------------------------------------
             -------------
   89          //  @brief      at24c02读多个字节
   90          //  @param      byte_reg  at24c02起始地址(0-255)
   91          //  @param      dat_add   需要读出的数据指针
   92          //  @param      num     需要读出多少个数据
   93          //  @return     void
   94          //  @since      v1.0
   95          //  Sample usage:
   96          //  @note
   97          //-------------------------------------------------------------------------------------------------------
             -------------
   98          void at24c02_read_bytes(uint8 byte_reg, uint8 *dat_add, uint8 num)
   99          {
  100   1        delay_ms(5);
  101   1        simiic_start();
  102   1        send_ch((AT24C02_DEV_ADDR << 1) | 0x00); //发送器件地址加写位
  103   1        send_ch(byte_reg);             //发送从机寄存器地址
  104   1        delay_ms(5);
  105   1        simiic_start();
  106   1        send_ch((AT24C02_DEV_ADDR << 1) | 0x01); //发送器件地址加读位
  107   1        while (--num)
  108   1        {
  109   2          *dat_add++ = read_ch(1); //读取数据
  110   2          byte_reg++;
  111   2        }
  112   1        *dat_add++ = read_ch(0); //读取数据
C251 COMPILER V5.60.0,  SEEKFREE_AT24C02                                                   14/06/24  16:35:49  PAGE 3   

  113   1        simiic_stop();
  114   1      }


Module Information          Static   Overlayable
------------------------------------------------
  code size            =       233     ------
  ecode size           =    ------     ------
  data size            =    ------     ------
  idata size           =    ------     ------
  pdata size           =    ------     ------
  xdata size           =    ------     ------
  xdata-const size     =    ------     ------
  edata size           =    ------          4
  bit size             =    ------     ------
  ebit size            =    ------     ------
  bitaddressable size  =    ------     ------
  ebitaddressable size =    ------     ------
  far data size        =    ------     ------
  huge data size       =    ------     ------
  const size           =    ------     ------
  hconst size          =    ------     ------
End of Module Information.


C251 COMPILATION COMPLETE.  0 WARNING(S),  0 ERROR(S)
