C251 COMPILER V5.60.0,  steer                                                              14/06/24  16:35:51  PAGE 1   


C251 COMPILER V5.60.0, COMPILATION OF MODULE steer
OBJECT MODULE PLACED IN .\Out_File\steer.obj
COMPILER INVOKED BY: D:\Keil_v5\C251\BIN\C251.EXE ..\CODE\steer.c XSMALL INTR2 WARNINGLEVEL(0) BROWSE INCDIR(..\..\Libra
                    -ries\libraries;..\..\Libraries\seekfree_libraries;..\..\Libraries\seekfree_peripheral;..\CODE;..\USER\inc;..\USER\src) D
                    -EBUG PRINT(.\Out_File\steer.lst) TABS(2) OBJECT(.\Out_File\steer.obj) 

stmt  level    source

    1          /*******************************************************************************
    2           * 电机控制程序  steer.c
    3           *
    4           *
    5           * file name:           steer.c
    6           * description:        舵机控制程序
    7           * author:               ***
    8           * version：            v0.0.1
    9           * date：                2022.02.27
   10           * note:
   11           *******************************************************************************/
   12          #include "steer.h"
   13          #include "math.h"
   14          float num_kp;                        // 4.94  4.0
   15          float num_kd;                        // 37
   16          float num_kp_y = STEER_P_Y;          // 3.5
   17          float num_kd_y = STEER_D_Y;          // 25
   18          float num_kp_normal_h = STEER_P_MID; // 3.54  4.94  3.6  3.60  3.2  2.8 3.0  3.2  3.3  高速  3.4
   19          float num_kd_normal_h = STEER_D_MID; // 27
   20          float num_kp_normal_l = STEER_P_LOW; //低速  1.0  1.7
   21          float num_kd_normal_l = STEER_D_LOW;
   22          float num_kp_normal_h_r = STEER_P_HIGH; //低速  1.0  1.7
   23          float num_kd_normal_h_r = STEER_D_HIGH; // 27
   24          int16 value;                            //真实的
   25          int16 adjust_steer;                     //调整的pwm
   26          int16 real_steer = pwm_duty_center;     //输出的pwm
   27          
   28          void control_test()
   29          {
   30   1        if (Y_steer != 0)
   31   1        {
   32   2          num_kp = num_kp_y;
   33   2          num_kd = num_kd_y;
   34   2        }
   35   1        else if ((L_value + R_value) / 2 <= 370 && expited_L_R != 290)
   36   1        {
   37   2          num_kp = num_kp_normal_l;
   38   2          num_kd = num_kd_normal_l;
   39   2        }
   40   1        else if ((L_value + R_value) / 2 >= 410)
   41   1        {
   42   2          num_kp = num_kp_normal_h_r;
   43   2          num_kd = num_kd_normal_h_r;
   44   2        }
   45   1        else
   46   1        {
   47   2          num_kp = num_kp_normal_h;
   48   2          num_kd = num_kd_normal_h;
   49   2        }
   50   1      
   51   1        adjust_steer = pid_calculation_2(num_kp, num_kd, AD_out);
   52   1        real_steer = adjust_steer + pwm_duty_center;
   53   1        /***限幅***/
   54   1        if (real_steer > pwm_duyt_left)
   55   1        {
   56   2          real_steer = pwm_duyt_left;
   57   2        }
C251 COMPILER V5.60.0,  steer                                                              14/06/24  16:35:51  PAGE 2   

   58   1        else if (real_steer < pwm_duty_right)
   59   1        {
   60   2          real_steer = pwm_duty_right;
   61   2        }
   62   1        pwm_duty(pwm_steer, real_steer);
   63   1      }


Module Information          Static   Overlayable
------------------------------------------------
  code size            =       184     ------
  ecode size           =    ------     ------
  data size            =    ------     ------
  idata size           =    ------     ------
  pdata size           =    ------     ------
  xdata size           =    ------     ------
  xdata-const size     =    ------     ------
  edata size           =        46     ------
  bit size             =    ------     ------
  ebit size            =    ------     ------
  bitaddressable size  =    ------     ------
  ebitaddressable size =    ------     ------
  far data size        =    ------     ------
  huge data size       =    ------     ------
  const size           =    ------     ------
  hconst size          =        70     ------
End of Module Information.


C251 COMPILATION COMPLETE.  0 WARNING(S),  0 ERROR(S)
