C251 COMPILER V5.60.0,  zf_adc                                                             14/06/24  16:35:46  PAGE 1   


C251 COMPILER V5.60.0, COMPILATION OF MODULE zf_adc
OBJECT MODULE PLACED IN .\Out_File\zf_adc.obj
COMPILER INVOKED BY: D:\Keil_v5\C251\BIN\C251.EXE ..\..\Libraries\seekfree_libraries\zf_adc.c XSMALL INTR2 WARNINGLEVEL(
                    -0) BROWSE INCDIR(..\..\Libraries\libraries;..\..\Libraries\seekfree_libraries;..\..\Libraries\seekfree_peripheral;..\COD
                    -E;..\USER\inc;..\USER\src) DEBUG PRINT(.\Out_File\zf_adc.lst) TABS(2) OBJECT(.\Out_File\zf_adc.obj) 

stmt  level    source

    1          /********************************************************************************************************
             -*************
    2           * COPYRIGHT NOTICE
    3           * Copyright (c) 2020,é€é£ç§‘æŠ€
    4           * All rights reserved.
    5           * æŠ€æœ¯è®¨è®ºQQç¾¤ï¼šä¸€ç¾¤ï¼š179029047(å·²æ»¡)  äºŒç¾¤ï¼š244861897(å·²æ»¡)  ä¸‰ç¾¤ï¼š824575535
    6           *
    7           * ä»¥ä¸‹æ‰€æœ‰å†…å®¹ç‰ˆæƒå‡å±é€é£ç§‘æŠ€æ‰€æœ‰ï¼Œæœªç»å…è®¸ä¸å¾—ç”¨äºå•†ä¸šç”¨é€”ï¼Œ
    8           * æ¬¢è¿å„ä½ä½¿ç”¨å¹¶ä¼ æ’­æœ¬ç¨‹åºï¼Œä¿®æ”¹å†…å®¹æ—¶å¿…é¡»ä¿ç•™é€é£ç§‘æŠ€çš„ç‰ˆæƒå£°æ˜ã€‚
    9           *
   10           * @file          adc
   11           * @company       æˆéƒ½é€é£ç§‘æŠ€æœ‰é™å…¬å¸
   12           * @author        é€é£ç§‘æŠ€(QQ790875685)
   13           * @version       æŸ¥çœ‹docå†…versionæ–‡ä»¶ ç‰ˆæœ¬è¯´æ˜
   14           * @Software    MDK FOR C251 V5.60
   15           * @Target core   STC16F40K128
   16           * @Taobao      https://seekfree.taobao.com/
   17           * @date          2020-4-14
   18           ********************************************************************************************************
             -************/
   19          
   20          #include "zf_adc.h"
   21          #include "intrins.h"
   22          
   23          //-------------------------------------------------------------------------------------------------------
             -------------
   24          //  @brief      ADCåˆå§‹åŒ–
   25          //  @param      adcn            é€‰æ‹©ADCé€šé“
   26          //  @param      speed         ADCæ—¶é’Ÿé¢‘ç‡
   27          //  @return     void
   28          //  Sample usage:               adc_init(ADC_P10,ADC_SYSclk_DIV_2);//åˆå§‹åŒ–P1.0ä¸ºADCåŠŸèƒ½,ADCæ—¶é’Ÿé
             -¢‘ç‡ï¼šSYSclk/2
   29          //-------------------------------------------------------------------------------------------------------
             -------------
   30          void adc_init(ADCN_enum adcn, ADC_SPEED_enum speed)
   31          {
   32   1        ADC_CONTR |= 1 << 7; // 1 ï¼šæ‰“å¼€ ADC ç”µæº
   33   1      
   34   1        ADC_CONTR &= (0xF0); //æ¸…é™¤ADC_CHS[3:0] ï¼š ADC æ¨¡æ‹Ÿé€šé“é€‰æ‹©ä½
   35   1        ADC_CONTR |= adcn;
   36   1      
   37   1        if ((adcn >> 3) == 1) // P0.0
   38   1        {
   39   2          // IOå£éœ€è¦è®¾ç½®ä¸ºé«˜é˜»è¾“å…¥
   40   2          P0M0 &= ~(1 << (adcn & 0x07));
   41   2          P0M1 |= (1 << (adcn & 0x07));
   42   2        }
   43   1        else if ((adcn >> 3) == 0) // P1.0
   44   1        {
   45   2          // IOå£éœ€è¦è®¾ç½®ä¸ºé«˜é˜»è¾“å…¥
   46   2          P1M0 &= ~(1 << (adcn & 0x07));
   47   2          P1M1 |= (1 << (adcn & 0x07));
   48   2        }
   49   1      
   50   1        ADCCFG |= speed & 0x0F; // ADCæ—¶é’Ÿé¢‘ç‡SYSclk/2/speed&0x0F;
   51   1      
   52   1        ADCCFG |= 1 << 5; //è½¬æ¢ç»“æœå³å¯¹é½ã€‚ ADC_RES ä¿å­˜ç»“æœçš„é«˜ 2 ä½ï¼Œ ADC_RESL ä¿å­˜ç»“æœçš
C251 COMPILER V5.60.0,  zf_adc                                                             14/06/24  16:35:46  PAGE 2   

             -„ä½ 8 ä½ã€‚
   53   1      }
   54          
   55          //-------------------------------------------------------------------------------------------------------
             -------------
   56          //  @brief      ADCè½¬æ¢ä¸€æ¬¡
   57          //  @param      adcn            é€‰æ‹©ADCé€šé“
   58          //  @param      resolution      åˆ†è¾¨ç‡
   59          //  @return     void
   60          //  Sample usage:               adc_convert(ADC_P10, ADC_10BIT);
   61          //-------------------------------------------------------------------------------------------------------
             -------------
   62          uint16 adc_once(ADCN_enum adcn, ADCRES_enum resolution)
   63          {
   64   1        uint16 adc_value;
   65   1      
   66   1        ADC_CONTR &= (0xF0); //æ¸…é™¤ADC_CHS[3:0] ï¼š ADC æ¨¡æ‹Ÿé€šé“é€‰æ‹©ä½
   67   1        ADC_CONTR |= adcn;
   68   1      
   69   1        ADC_CONTR |= 0x40; // å¯åŠ¨ AD è½¬æ¢
   70   1        while (!(ADC_CONTR & 0x20))
   71   1          ;       // æŸ¥è¯¢ ADC å®Œæˆæ ‡å¿—
   72   1        ADC_CONTR &= ~0x20; // æ¸…å®Œæˆæ ‡å¿—
   73   1      
   74   1        adc_value = ADC_RES; //å­˜å‚¨ ADC çš„ 12 ä½ç»“æœçš„é«˜ 4 ä½
   75   1        adc_value <<= 8;
   76   1        adc_value |= ADC_RESL; //å­˜å‚¨ ADC çš„ 12 ä½ç»“æœçš„ä½ 8 ä½
   77   1      
   78   1        ADC_RES = 0;
   79   1        ADC_RESL = 0;
   80   1      
   81   1        adc_value >>= resolution; //å–å¤šå°‘ä½
   82   1      
   83   1        return adc_value;
   84   1      }


Module Information          Static   Overlayable
------------------------------------------------
  code size            =       140     ------
  ecode size           =    ------     ------
  data size            =    ------     ------
  idata size           =    ------     ------
  pdata size           =    ------     ------
  xdata size           =    ------     ------
  xdata-const size     =    ------     ------
  edata size           =    ------     ------
  bit size             =    ------     ------
  ebit size            =    ------     ------
  bitaddressable size  =    ------     ------
  ebitaddressable size =    ------     ------
  far data size        =    ------     ------
  huge data size       =    ------     ------
  const size           =    ------     ------
  hconst size          =    ------     ------
End of Module Information.


C251 COMPILATION COMPLETE.  0 WARNING(S),  0 ERROR(S)
