C251 COMPILER V5.60.0,  zf_spi                                                             14/06/24  16:35:47  PAGE 1   


C251 COMPILER V5.60.0, COMPILATION OF MODULE zf_spi
OBJECT MODULE PLACED IN .\Out_File\zf_spi.obj
COMPILER INVOKED BY: D:\Keil_v5\C251\BIN\C251.EXE ..\..\Libraries\seekfree_libraries\zf_spi.c XSMALL INTR2 WARNINGLEVEL(
                    -0) BROWSE INCDIR(..\..\Libraries\libraries;..\..\Libraries\seekfree_libraries;..\..\Libraries\seekfree_peripheral;..\COD
                    -E;..\USER\inc;..\USER\src) DEBUG PRINT(.\Out_File\zf_spi.lst) TABS(2) OBJECT(.\Out_File\zf_spi.obj) 

stmt  level    source

    1          /********************************************************************************************************
             -*************
    2           * COPYRIGHT NOTICE
    3           * Copyright (c) 2020,é€é£ç§‘æŠ€
    4           * All rights reserved.
    5           * æŠ€æœ¯è®¨è®ºQQç¾¤ï¼šä¸€ç¾¤ï¼š179029047(å·²æ»¡)  äºŒç¾¤ï¼š244861897(å·²æ»¡)  ä¸‰ç¾¤ï¼š824575535
    6           *
    7           * ä»¥ä¸‹æ‰€æœ‰å†…å®¹ç‰ˆæƒå‡å±é€é£ç§‘æŠ€æ‰€æœ‰ï¼Œæœªç»å…è®¸ä¸å¾—ç”¨äºå•†ä¸šç”¨é€”ï¼Œ
    8           * æ¬¢è¿å„ä½ä½¿ç”¨å¹¶ä¼ æ’­æœ¬ç¨‹åºï¼Œä¿®æ”¹å†…å®¹æ—¶å¿…é¡»ä¿ç•™é€é£ç§‘æŠ€çš„ç‰ˆæƒå£°æ˜ã€‚
    9           *
   10           * @file          spi
   11           * @company       æˆéƒ½é€é£ç§‘æŠ€æœ‰é™å…¬å¸
   12           * @author        é€é£ç§‘æŠ€(QQ790875685)
   13           * @version       æŸ¥çœ‹docå†…versionæ–‡ä»¶ ç‰ˆæœ¬è¯´æ˜
   14           * @Software    MDK FOR C251 V5.60
   15           * @Target core   STC16F40K128
   16           * @Taobao      https://seekfree.taobao.com/
   17           * @date          2020-4-14
   18           ********************************************************************************************************
             -************/
   19          #pragma warning disable = 47
   20          
   21          #include "zf_gpio.h"
   22          #include "zf_spi.h"
   23          
   24          //-------------------------------------------------------------------------------------------------------
             -------------
   25          //  @brief      spiåˆå§‹åŒ–å‡½æ•°(sså¼•è„šç”±è½¯ä»¶æ§åˆ¶)
   26          //  @param      spi_n     é€‰æ‹©SPIæ¨¡å—(SPI_1-SPI_4)
   27          //  @param      sck_pin     é€‰æ‹©SCKå¼•è„š
   28          //  @param      mosi_pin    é€‰æ‹©MOSIå¼•è„š
   29          //  @param      miso_pin    é€‰æ‹©MISOå¼•è„š
   30          //  @param      mstr      ä¸»ä»é€‰æ‹©
   31          //  @param      mode            SPIæ¨¡å¼ 0ï¼šCPOL=0 CPHA=0    1ï¼šCPOL=0 CPHA=1   2ï¼šCPOL=1 CPHA=0   3ï
             -¼šCPOL=1 CPHA=1 //å…·ä½“ç»†èŠ‚å¯è‡ªè¡Œç™¾åº¦
   32          //  @param      baud      é€Ÿç‡é€‰æ‹©
   33          //  @since      v1.0
   34          //  Sample usage:       spi_init(SPI_1, SPI1_SCLK_P15, SPI1_MOSI_P13, SPI1_MISO_P14, 0, MASTER, SYSclk_DIV_4
             -);
   35          //                //åˆå§‹åŒ–SPI1,ä¸»æœºæ¨¡å¼,é€Ÿç‡ä¸ºç³»ç»Ÿé¢‘ç‡/4ï¼ŒSCLKå¼•è„šP1.5 MOSIå¼•è„šP1.3 MISOå¼•è„š
             -P1.4,SPIæ¨¡å¼0
   36          //-------------------------------------------------------------------------------------------------------
             -------------
   37          void spi_init(SPIN_enum spi_n,
   38                  SPI_PIN_enum sck_pin,
   39                  SPI_PIN_enum mosi_pin,
   40                  SPI_PIN_enum miso_pin,
   41                  uint8 mode,
   42                  SPI_MSTR_enum mstr,
   43                  SPI_BAUD_enum baud)
   44          {
   45   1        switch (spi_n)
   46   1        {
   47   2        // IOå£éœ€è¦é…ç½®ä¸ºï¼šå‡†åŒå‘å£ï¼ˆä¼ ç»Ÿ8051ç«¯å£æ¨¡å¼ï¼Œå¼±ä¸Šæ‹‰ï¼‰
   48   2        case SPI_CH1:
   49   2          gpio_mode(P1_3, GPIO);
   50   2          gpio_mode(P1_4, GPIO);
C251 COMPILER V5.60.0,  zf_spi                                                             14/06/24  16:35:47  PAGE 2   

   51   2          gpio_mode(P1_5, GPIO);
   52   2          break;
   53   2        case SPI_CH2:
   54   2          gpio_mode(P2_3, GPIO);
   55   2          gpio_mode(P2_4, GPIO);
   56   2          gpio_mode(P2_5, GPIO);
   57   2          break;
   58   2        case SPI_CH3:
   59   2          gpio_mode(P4_0, GPIO);
   60   2          gpio_mode(P4_1, GPIO);
   61   2          gpio_mode(P4_3, GPIO);
   62   2          break;
   63   2        case SPI_CH4:
   64   2          gpio_mode(P3_4, GPIO);
   65   2          gpio_mode(P3_3, GPIO);
   66   2          gpio_mode(P3_2, GPIO);
   67   2          break;
   68   2        }
   69   1      
   70   1        P_SW1 &= ~(0x03 << 2); //æ¸…é™¤SPIåŠŸèƒ½è„šé€‰æ‹©ä½
   71   1        switch (spi_n)
   72   1        {
   73   2        case SPI_CH1:
   74   2          P_SW1 |= (0x00 << 2);
   75   2          break;
   76   2        case SPI_CH2:
   77   2          P_SW1 |= (0x01 << 2);
   78   2          break;
   79   2        case SPI_CH3:
   80   2          P_SW1 |= (0x02 << 2);
   81   2          break;
   82   2        case SPI_CH4:
   83   2          P_SW1 |= (0x03 << 2);
   84   2          break;
   85   2        }
   86   1      
   87   1        SPCTL &= 0xF3; //æ¸…é™¤SPIææ€§å’Œç›¸ä½
   88   1        switch (mode)
   89   1        {
   90   2        case 0:
   91   2      
   92   2          break;
   93   2        case 1:
   94   2          SPCTL |= 0x01 << 2;
   95   2          break;
   96   2        case 2:
   97   2          SPCTL |= 0x02 << 2;
   98   2          break;
   99   2        case 3:
  100   2          SPCTL |= 0x03 << 2;
  101   2          break;
  102   2        }
  103   1      
  104   1        SPCTL |= baud; //é€Ÿç‡è®¾å®š
  105   1      
  106   1        if (mstr == MASTER)
  107   1        {
  108   2          SPCTL |= 1 << 7; //å¿½ç•¥SSå¼•è„šåŠŸèƒ½ï¼Œä½¿ç”¨MSTRç¡®å®šå™¨ä»¶æ˜¯ä¸»æœºè¿˜æ˜¯ä»æœº
  109   2          SPCTL |= 1 << 4; //ä¸»æœºæ¨¡å¼
  110   2        }
  111   1        else
  112   1        {
  113   2          //ä¸åšæ“ä½œ
  114   2        }
  115   1        SPCTL |= 1 << 6; //ä½¿èƒ½SPIåŠŸèƒ½
  116   1      }
C251 COMPILER V5.60.0,  zf_spi                                                             14/06/24  16:35:47  PAGE 3   

  117          
  118          //-------------------------------------------------------------------------------------------------------
             -------------
  119          //  @brief      SPIå‘é€æ¥æ”¶å‡½æ•°
  120          //  @param      dat           å‘é€çš„æ•°æ®
  121          //  @since      v1.0
  122          //  Sample usage:       buf_1 = spi_mosi(buf);    //å‘é€bufçš„å†…å®¹ï¼Œå¹¶æ¥æ”¶åˆ°buf_1é‡Œï¼Œé•¿åº¦ä¸º1å­
             -—èŠ‚
  123          //-------------------------------------------------------------------------------------------------------
             -------------
  124          uint8 spi_mosi(uint8 dat)
  125          {
  126   1        SPDAT = dat; // DATAå¯„å­˜å™¨èµ‹å€¼
  127   1        while (!(SPSTAT & 0x80))
  128   1          ;      //æŸ¥è¯¢å®Œæˆæ ‡å¿—
  129   1        SPSTAT = 0xc0; //æ¸…ä¸­æ–­æ ‡å¿—
  130   1        return SPDAT;
  131   1      }
  132          
  133          //-------------------------------------------------------------------------------------------------------
             -------------
  134          //  @brief      spiå¼•è„šåˆ‡æ¢å‡½æ•°(sså¼•è„šç”±è½¯ä»¶æ§åˆ¶)
  135          //  @param      spi_n     é€‰æ‹©SPIæ¨¡å—(SPI_1-SPI_4)
  136          //  @param      sck_pin     é€‰æ‹©SCKå¼•è„š
  137          //  @param      mosi_pin    é€‰æ‹©MOSIå¼•è„š
  138          //  @param      miso_pin    é€‰æ‹©MISOå¼•è„š
  139          //  Sample usage:       spi_change_pin(SPI_1,SPI1_SCLK_P15, SPI1_MOSI_P13,SPI1_MISO_P14);
  140          //                //åˆ‡æ¢SPIå¼•è„š
  141          //-------------------------------------------------------------------------------------------------------
             -------------
  142          void spi_change_pin(SPIN_enum spi_n, SPI_PIN_enum sck_pin, SPI_PIN_enum mosi_pin, SPI_PIN_enum miso_pin)
  143          {
  144   1        P_SW1 &= ~(0x03 << 2); //æ¸…é™¤SPIåŠŸèƒ½è„šé€‰æ‹©ä½
  145   1        switch (spi_n)
  146   1        {
  147   2        // IOå£éœ€è¦é…ç½®ä¸ºï¼šå‡†åŒå‘å£ï¼ˆä¼ ç»Ÿ8051ç«¯å£æ¨¡å¼ï¼Œå¼±ä¸Šæ‹‰ï¼‰
  148   2        case SPI_CH1:
  149   2          gpio_mode(P1_3, GPO_PP);
  150   2          gpio_mode(P1_4, GPIO);
  151   2          gpio_mode(P1_5, GPO_PP);
  152   2          break;
  153   2        case SPI_CH2:
  154   2          gpio_mode(P2_3, GPO_PP);
  155   2          gpio_mode(P2_4, GPIO);
  156   2          gpio_mode(P2_5, GPO_PP);
  157   2          break;
  158   2        case SPI_CH3:
  159   2          gpio_mode(P4_0, GPO_PP);
  160   2          gpio_mode(P4_1, GPIO);
  161   2          gpio_mode(P4_3, GPO_PP);
  162   2          break;
  163   2        case SPI_CH4:
  164   2          gpio_mode(P3_4, GPO_PP);
  165   2          gpio_mode(P3_3, GPIO);
  166   2          gpio_mode(P3_2, GPO_PP);
  167   2          break;
  168   2        }
  169   1      
  170   1        switch (spi_n)
  171   1        {
  172   2        case SPI_CH1:
  173   2          P_SW1 |= (0x00 << 2);
  174   2          break;
  175   2        case SPI_CH2:
  176   2          P_SW1 |= (0x01 << 2);
  177   2          break;
C251 COMPILER V5.60.0,  zf_spi                                                             14/06/24  16:35:47  PAGE 4   

  178   2        case SPI_CH3:
  179   2          P_SW1 |= (0x02 << 2);
  180   2          break;
  181   2        case SPI_CH4:
  182   2          P_SW1 |= (0x03 << 2);
  183   2          break;
  184   2        }
  185   1      }
  186          
  187          //-------------------------------------------------------------------------------------------------------
             -------------
  188          //  @brief      spiæ¨¡å¼åˆ‡æ¢å‡½æ•°
  189          //  @param      mode            SPIæ¨¡å¼ 0ï¼šCPOL=0 CPHA=0    1ï¼šCPOL=0 CPHA=1   2ï¼šCPOL=1 CPHA=0   3ï
             -¼šCPOL=1 CPHA=1 //å…·ä½“ç»†èŠ‚å¯è‡ªè¡Œç™¾åº¦
  190          //  Sample usage:
  191          //-------------------------------------------------------------------------------------------------------
             -------------
  192          void spi_change_mode(uint8 mode)
  193          {
  194   1        SPCTL &= 0xF7; //æ¸…é™¤SPIææ€§å’Œç›¸ä½
  195   1        switch (mode)
  196   1        {
  197   2        case 0:
  198   2      
  199   2          break;
  200   2        case 1:
  201   2          SPCTL |= 0x01 << 2;
  202   2          break;
  203   2        case 2:
  204   2          SPCTL |= 0x02 << 2;
  205   2          break;
  206   2        case 3:
  207   2          SPCTL |= 0x03 << 2;
  208   2          break;
  209   2        }
  210   1      }


Module Information          Static   Overlayable
------------------------------------------------
  code size            =       440     ------
  ecode size           =    ------     ------
  data size            =    ------     ------
  idata size           =    ------     ------
  pdata size           =    ------     ------
  xdata size           =    ------     ------
  xdata-const size     =    ------     ------
  edata size           =    ------          4
  bit size             =    ------     ------
  ebit size            =    ------     ------
  bitaddressable size  =    ------     ------
  ebitaddressable size =    ------     ------
  far data size        =    ------     ------
  huge data size       =    ------     ------
  const size           =    ------     ------
  hconst size          =    ------     ------
End of Module Information.


C251 COMPILATION COMPLETE.  0 WARNING(S),  0 ERROR(S)
